[2025-01-03 09:54:52] local.ERROR: View [cetak-laporan.index] not found. {"userId":1,"exception":"[object] (InvalidArgumentException(code: 0): View [cetak-laporan.index] not found. at /Users/willyap/Sites/wordpress/PengadaanBarang_PKL_Laravel/vendor/laravel/framework/src/Illuminate/View/FileViewFinder.php:137)
[stacktrace]
#0 /Users/willyap/Sites/wordpress/PengadaanBarang_PKL_Laravel/vendor/laravel/framework/src/Illuminate/View/FileViewFinder.php(79): Illuminate\\View\\FileViewFinder->findInPaths('cetak-laporan.i...', Array)
#1 /Users/willyap/Sites/wordpress/PengadaanBarang_PKL_Laravel/vendor/laravel/framework/src/Illuminate/View/Factory.php(138): Illuminate\\View\\FileViewFinder->find('cetak-laporan.i...')
#2 /Users/willyap/Sites/wordpress/PengadaanBarang_PKL_Laravel/vendor/laravel/framework/src/Illuminate/Foundation/helpers.php(932): Illuminate\\View\\Factory->make('cetak-laporan.i...', Array, Array)
#3 /Users/willyap/Sites/wordpress/PengadaanBarang_PKL_Laravel/app/Http/Controllers/ReportController.php(14): view('cetak-laporan.i...')
#4 /Users/willyap/Sites/wordpress/PengadaanBarang_PKL_Laravel/vendor/laravel/framework/src/Illuminate/Routing/Controller.php(54): App\\Http\\Controllers\\ReportController->index()
#5 /Users/willyap/Sites/wordpress/PengadaanBarang_PKL_Laravel/vendor/laravel/framework/src/Illuminate/Routing/ControllerDispatcher.php(45): Illuminate\\Routing\\Controller->callAction('index', Array)
#6 /Users/willyap/Sites/wordpress/PengadaanBarang_PKL_Laravel/vendor/laravel/framework/src/Illuminate/Routing/Route.php(262): Illuminate\\Routing\\ControllerDispatcher->dispatch(Object(Illuminate\\Routing\\Route), Object(App\\Http\\Controllers\\ReportController), 'index')
#7 /Users/willyap/Sites/wordpress/PengadaanBarang_PKL_Laravel/vendor/laravel/framework/src/Illuminate/Routing/Route.php(205): Illuminate\\Routing\\Route->runController()
#8 /Users/willyap/Sites/wordpress/PengadaanBarang_PKL_Laravel/vendor/laravel/framework/src/Illuminate/Routing/Router.php(695): Illuminate\\Routing\\Route->run()
#9 /Users/willyap/Sites/wordpress/PengadaanBarang_PKL_Laravel/vendor/laravel/framework/src/Illuminate/Pipeline/Pipeline.php(128): Illuminate\\Routing\\Router->Illuminate\\Routing\\{closure}(Object(Illuminate\\Http\\Request))
#10 /Users/willyap/Sites/wordpress/PengadaanBarang_PKL_Laravel/vendor/santigarcor/laratrust/src/Middleware/LaratrustRole.php(25): Illuminate\\Pipeline\\Pipeline->Illuminate\\Pipeline\\{closure}(Object(Illuminate\\Http\\Request))
#11 /Users/willyap/Sites/wordpress/PengadaanBarang_PKL_Laravel/vendor/laravel/framework/src/Illuminate/Pipeline/Pipeline.php(167): Laratrust\\Middleware\\LaratrustRole->handle(Object(Illuminate\\Http\\Request), Object(Closure), 'admin')
#12 /Users/willyap/Sites/wordpress/PengadaanBarang_PKL_Laravel/vendor/laravel/framework/src/Illuminate/Routing/Middleware/SubstituteBindings.php(50): Illuminate\\Pipeline\\Pipeline->Illuminate\\Pipeline\\{closure}(Object(Illuminate\\Http\\Request))
#13 /Users/willyap/Sites/wordpress/PengadaanBarang_PKL_Laravel/vendor/laravel/framework/src/Illuminate/Pipeline/Pipeline.php(167): Illuminate\\Routing\\Middleware\\SubstituteBindings->handle(Object(Illuminate\\Http\\Request), Object(Closure))
#14 /Users/willyap/Sites/wordpress/PengadaanBarang_PKL_Laravel/vendor/laravel/framework/src/Illuminate/Auth/Middleware/Authenticate.php(44): Illuminate\\Pipeline\\Pipeline->Illuminate\\Pipeline\\{closure}(Object(Illuminate\\Http\\Request))
#15 /Users/willyap/Sites/wordpress/PengadaanBarang_PKL_Laravel/vendor/laravel/framework/src/Illuminate/Pipeline/Pipeline.php(167): Illuminate\\Auth\\Middleware\\Authenticate->handle(Object(Illuminate\\Http\\Request), Object(Closure))
#16 /Users/willyap/Sites/wordpress/PengadaanBarang_PKL_Laravel/vendor/laravel/framework/src/Illuminate/Foundation/Http/Middleware/VerifyCsrfToken.php(78): Illuminate\\Pipeline\\Pipeline->Illuminate\\Pipeline\\{closure}(Object(Illuminate\\Http\\Request))
#17 /Users/willyap/Sites/wordpress/PengadaanBarang_PKL_Laravel/vendor/laravel/framework/src/Illuminate/Pipeline/Pipeline.php(167): Illuminate\\Foundation\\Http\\Middleware\\VerifyCsrfToken->handle(Object(Illuminate\\Http\\Request), Object(Closure))
#18 /Users/willyap/Sites/wordpress/PengadaanBarang_PKL_Laravel/vendor/laravel/framework/src/Illuminate/View/Middleware/ShareErrorsFromSession.php(49): Illuminate\\Pipeline\\Pipeline->Illuminate\\Pipeline\\{closure}(Object(Illuminate\\Http\\Request))
#19 /Users/willyap/Sites/wordpress/PengadaanBarang_PKL_Laravel/vendor/laravel/framework/src/Illuminate/Pipeline/Pipeline.php(167): Illuminate\\View\\Middleware\\ShareErrorsFromSession->handle(Object(Illuminate\\Http\\Request), Object(Closure))
#20 /Users/willyap/Sites/wordpress/PengadaanBarang_PKL_Laravel/vendor/laravel/framework/src/Illuminate/Session/Middleware/StartSession.php(121): Illuminate\\Pipeline\\Pipeline->Illuminate\\Pipeline\\{closure}(Object(Illuminate\\Http\\Request))
#21 /Users/willyap/Sites/wordpress/PengadaanBarang_PKL_Laravel/vendor/laravel/framework/src/Illuminate/Session/Middleware/StartSession.php(64): Illuminate\\Session\\Middleware\\StartSession->handleStatefulRequest(Object(Illuminate\\Http\\Request), Object(Illuminate\\Session\\Store), Object(Closure))
#22 /Users/willyap/Sites/wordpress/PengadaanBarang_PKL_Laravel/vendor/laravel/framework/src/Illuminate/Pipeline/Pipeline.php(167): Illuminate\\Session\\Middleware\\StartSession->handle(Object(Illuminate\\Http\\Request), Object(Closure))
#23 /Users/willyap/Sites/wordpress/PengadaanBarang_PKL_Laravel/vendor/laravel/framework/src/Illuminate/Cookie/Middleware/AddQueuedCookiesToResponse.php(37): Illuminate\\Pipeline\\Pipeline->Illuminate\\Pipeline\\{closure}(Object(Illuminate\\Http\\Request))
#24 /Users/willyap/Sites/wordpress/PengadaanBarang_PKL_Laravel/vendor/laravel/framework/src/Illuminate/Pipeline/Pipeline.php(167): Illuminate\\Cookie\\Middleware\\AddQueuedCookiesToResponse->handle(Object(Illuminate\\Http\\Request), Object(Closure))
#25 /Users/willyap/Sites/wordpress/PengadaanBarang_PKL_Laravel/vendor/laravel/framework/src/Illuminate/Cookie/Middleware/EncryptCookies.php(67): Illuminate\\Pipeline\\Pipeline->Illuminate\\Pipeline\\{closure}(Object(Illuminate\\Http\\Request))
#26 /Users/willyap/Sites/wordpress/PengadaanBarang_PKL_Laravel/vendor/laravel/framework/src/Illuminate/Pipeline/Pipeline.php(167): Illuminate\\Cookie\\Middleware\\EncryptCookies->handle(Object(Illuminate\\Http\\Request), Object(Closure))
#27 /Users/willyap/Sites/wordpress/PengadaanBarang_PKL_Laravel/vendor/laravel/framework/src/Illuminate/Pipeline/Pipeline.php(103): Illuminate\\Pipeline\\Pipeline->Illuminate\\Pipeline\\{closure}(Object(Illuminate\\Http\\Request))
#28 /Users/willyap/Sites/wordpress/PengadaanBarang_PKL_Laravel/vendor/laravel/framework/src/Illuminate/Routing/Router.php(697): Illuminate\\Pipeline\\Pipeline->then(Object(Closure))
#29 /Users/willyap/Sites/wordpress/PengadaanBarang_PKL_Laravel/vendor/laravel/framework/src/Illuminate/Routing/Router.php(672): Illuminate\\Routing\\Router->runRouteWithinStack(Object(Illuminate\\Routing\\Route), Object(Illuminate\\Http\\Request))
#30 /Users/willyap/Sites/wordpress/PengadaanBarang_PKL_Laravel/vendor/laravel/framework/src/Illuminate/Routing/Router.php(636): Illuminate\\Routing\\Router->runRoute(Object(Illuminate\\Http\\Request), Object(Illuminate\\Routing\\Route))
#31 /Users/willyap/Sites/wordpress/PengadaanBarang_PKL_Laravel/vendor/laravel/framework/src/Illuminate/Routing/Router.php(625): Illuminate\\Routing\\Router->dispatchToRoute(Object(Illuminate\\Http\\Request))
#32 /Users/willyap/Sites/wordpress/PengadaanBarang_PKL_Laravel/vendor/laravel/framework/src/Illuminate/Foundation/Http/Kernel.php(167): Illuminate\\Routing\\Router->dispatch(Object(Illuminate\\Http\\Request))
#33 /Users/willyap/Sites/wordpress/PengadaanBarang_PKL_Laravel/vendor/laravel/framework/src/Illuminate/Pipeline/Pipeline.php(128): Illuminate\\Foundation\\Http\\Kernel->Illuminate\\Foundation\\Http\\{closure}(Object(Illuminate\\Http\\Request))
#34 /Users/willyap/Sites/wordpress/PengadaanBarang_PKL_Laravel/vendor/laravel/framework/src/Illuminate/Foundation/Http/Middleware/TransformsRequest.php(21): Illuminate\\Pipeline\\Pipeline->Illuminate\\Pipeline\\{closure}(Object(Illuminate\\Http\\Request))
#35 /Users/willyap/Sites/wordpress/PengadaanBarang_PKL_Laravel/vendor/laravel/framework/src/Illuminate/Foundation/Http/Middleware/ConvertEmptyStringsToNull.php(31): Illuminate\\Foundation\\Http\\Middleware\\TransformsRequest->handle(Object(Illuminate\\Http\\Request), Object(Closure))
#36 /Users/willyap/Sites/wordpress/PengadaanBarang_PKL_Laravel/vendor/laravel/framework/src/Illuminate/Pipeline/Pipeline.php(167): Illuminate\\Foundation\\Http\\Middleware\\ConvertEmptyStringsToNull->handle(Object(Illuminate\\Http\\Request), Object(Closure))
#37 /Users/willyap/Sites/wordpress/PengadaanBarang_PKL_Laravel/vendor/laravel/framework/src/Illuminate/Foundation/Http/Middleware/TransformsRequest.php(21): Illuminate\\Pipeline\\Pipeline->Illuminate\\Pipeline\\{closure}(Object(Illuminate\\Http\\Request))
#38 /Users/willyap/Sites/wordpress/PengadaanBarang_PKL_Laravel/vendor/laravel/framework/src/Illuminate/Foundation/Http/Middleware/TrimStrings.php(40): Illuminate\\Foundation\\Http\\Middleware\\TransformsRequest->handle(Object(Illuminate\\Http\\Request), Object(Closure))
#39 /Users/willyap/Sites/wordpress/PengadaanBarang_PKL_Laravel/vendor/laravel/framework/src/Illuminate/Pipeline/Pipeline.php(167): Illuminate\\Foundation\\Http\\Middleware\\TrimStrings->handle(Object(Illuminate\\Http\\Request), Object(Closure))
#40 /Users/willyap/Sites/wordpress/PengadaanBarang_PKL_Laravel/vendor/laravel/framework/src/Illuminate/Foundation/Http/Middleware/ValidatePostSize.php(27): Illuminate\\Pipeline\\Pipeline->Illuminate\\Pipeline\\{closure}(Object(Illuminate\\Http\\Request))
#41 /Users/willyap/Sites/wordpress/PengadaanBarang_PKL_Laravel/vendor/laravel/framework/src/Illuminate/Pipeline/Pipeline.php(167): Illuminate\\Foundation\\Http\\Middleware\\ValidatePostSize->handle(Object(Illuminate\\Http\\Request), Object(Closure))
#42 /Users/willyap/Sites/wordpress/PengadaanBarang_PKL_Laravel/vendor/laravel/framework/src/Illuminate/Foundation/Http/Middleware/PreventRequestsDuringMaintenance.php(86): Illuminate\\Pipeline\\Pipeline->Illuminate\\Pipeline\\{closure}(Object(Illuminate\\Http\\Request))
#43 /Users/willyap/Sites/wordpress/PengadaanBarang_PKL_Laravel/vendor/laravel/framework/src/Illuminate/Pipeline/Pipeline.php(167): Illuminate\\Foundation\\Http\\Middleware\\PreventRequestsDuringMaintenance->handle(Object(Illuminate\\Http\\Request), Object(Closure))
#44 /Users/willyap/Sites/wordpress/PengadaanBarang_PKL_Laravel/vendor/fruitcake/laravel-cors/src/HandleCors.php(38): Illuminate\\Pipeline\\Pipeline->Illuminate\\Pipeline\\{closure}(Object(Illuminate\\Http\\Request))
#45 /Users/willyap/Sites/wordpress/PengadaanBarang_PKL_Laravel/vendor/laravel/framework/src/Illuminate/Pipeline/Pipeline.php(167): Fruitcake\\Cors\\HandleCors->handle(Object(Illuminate\\Http\\Request), Object(Closure))
#46 /Users/willyap/Sites/wordpress/PengadaanBarang_PKL_Laravel/vendor/laravel/framework/src/Illuminate/Http/Middleware/TrustProxies.php(39): Illuminate\\Pipeline\\Pipeline->Illuminate\\Pipeline\\{closure}(Object(Illuminate\\Http\\Request))
#47 /Users/willyap/Sites/wordpress/PengadaanBarang_PKL_Laravel/vendor/laravel/framework/src/Illuminate/Pipeline/Pipeline.php(167): Illuminate\\Http\\Middleware\\TrustProxies->handle(Object(Illuminate\\Http\\Request), Object(Closure))
#48 /Users/willyap/Sites/wordpress/PengadaanBarang_PKL_Laravel/vendor/laravel/framework/src/Illuminate/Pipeline/Pipeline.php(103): Illuminate\\Pipeline\\Pipeline->Illuminate\\Pipeline\\{closure}(Object(Illuminate\\Http\\Request))
#49 /Users/willyap/Sites/wordpress/PengadaanBarang_PKL_Laravel/vendor/laravel/framework/src/Illuminate/Foundation/Http/Kernel.php(142): Illuminate\\Pipeline\\Pipeline->then(Object(Closure))
#50 /Users/willyap/Sites/wordpress/PengadaanBarang_PKL_Laravel/vendor/laravel/framework/src/Illuminate/Foundation/Http/Kernel.php(111): Illuminate\\Foundation\\Http\\Kernel->sendRequestThroughRouter(Object(Illuminate\\Http\\Request))
#51 /Users/willyap/Sites/wordpress/PengadaanBarang_PKL_Laravel/public/index.php(52): Illuminate\\Foundation\\Http\\Kernel->handle(Object(Illuminate\\Http\\Request))
#52 /Users/willyap/Sites/wordpress/PengadaanBarang_PKL_Laravel/server.php(21): require_once('/Users/willyap/...')
#53 {main}
"} 
[2025-01-03 09:56:42] local.ERROR: View [login] not found. {"exception":"[object] (InvalidArgumentException(code: 0): View [login] not found. at /Users/willyap/Sites/wordpress/PengadaanBarang_PKL_Laravel/vendor/laravel/framework/src/Illuminate/View/FileViewFinder.php:137)
[stacktrace]
#0 /Users/willyap/Sites/wordpress/PengadaanBarang_PKL_Laravel/vendor/laravel/framework/src/Illuminate/View/FileViewFinder.php(79): Illuminate\\View\\FileViewFinder->findInPaths('login', Array)
#1 /Users/willyap/Sites/wordpress/PengadaanBarang_PKL_Laravel/vendor/laravel/framework/src/Illuminate/View/Factory.php(138): Illuminate\\View\\FileViewFinder->find('login')
#2 /Users/willyap/Sites/wordpress/PengadaanBarang_PKL_Laravel/vendor/laravel/framework/src/Illuminate/Foundation/helpers.php(932): Illuminate\\View\\Factory->make('login', Array, Array)
#3 /Users/willyap/Sites/wordpress/PengadaanBarang_PKL_Laravel/routes/web.php(30): view('login')
#4 /Users/willyap/Sites/wordpress/PengadaanBarang_PKL_Laravel/vendor/laravel/framework/src/Illuminate/Routing/Route.php(238): Illuminate\\Routing\\RouteFileRegistrar->{closure}()
#5 /Users/willyap/Sites/wordpress/PengadaanBarang_PKL_Laravel/vendor/laravel/framework/src/Illuminate/Routing/Route.php(208): Illuminate\\Routing\\Route->runCallable()
#6 /Users/willyap/Sites/wordpress/PengadaanBarang_PKL_Laravel/vendor/laravel/framework/src/Illuminate/Routing/Router.php(695): Illuminate\\Routing\\Route->run()
#7 /Users/willyap/Sites/wordpress/PengadaanBarang_PKL_Laravel/vendor/laravel/framework/src/Illuminate/Pipeline/Pipeline.php(128): Illuminate\\Routing\\Router->Illuminate\\Routing\\{closure}(Object(Illuminate\\Http\\Request))
#8 /Users/willyap/Sites/wordpress/PengadaanBarang_PKL_Laravel/vendor/laravel/framework/src/Illuminate/Routing/Middleware/SubstituteBindings.php(50): Illuminate\\Pipeline\\Pipeline->Illuminate\\Pipeline\\{closure}(Object(Illuminate\\Http\\Request))
#9 /Users/willyap/Sites/wordpress/PengadaanBarang_PKL_Laravel/vendor/laravel/framework/src/Illuminate/Pipeline/Pipeline.php(167): Illuminate\\Routing\\Middleware\\SubstituteBindings->handle(Object(Illuminate\\Http\\Request), Object(Closure))
#10 /Users/willyap/Sites/wordpress/PengadaanBarang_PKL_Laravel/vendor/laravel/framework/src/Illuminate/Foundation/Http/Middleware/VerifyCsrfToken.php(78): Illuminate\\Pipeline\\Pipeline->Illuminate\\Pipeline\\{closure}(Object(Illuminate\\Http\\Request))
#11 /Users/willyap/Sites/wordpress/PengadaanBarang_PKL_Laravel/vendor/laravel/framework/src/Illuminate/Pipeline/Pipeline.php(167): Illuminate\\Foundation\\Http\\Middleware\\VerifyCsrfToken->handle(Object(Illuminate\\Http\\Request), Object(Closure))
#12 /Users/willyap/Sites/wordpress/PengadaanBarang_PKL_Laravel/vendor/laravel/framework/src/Illuminate/View/Middleware/ShareErrorsFromSession.php(49): Illuminate\\Pipeline\\Pipeline->Illuminate\\Pipeline\\{closure}(Object(Illuminate\\Http\\Request))
#13 /Users/willyap/Sites/wordpress/PengadaanBarang_PKL_Laravel/vendor/laravel/framework/src/Illuminate/Pipeline/Pipeline.php(167): Illuminate\\View\\Middleware\\ShareErrorsFromSession->handle(Object(Illuminate\\Http\\Request), Object(Closure))
#14 /Users/willyap/Sites/wordpress/PengadaanBarang_PKL_Laravel/vendor/laravel/framework/src/Illuminate/Session/Middleware/StartSession.php(121): Illuminate\\Pipeline\\Pipeline->Illuminate\\Pipeline\\{closure}(Object(Illuminate\\Http\\Request))
#15 /Users/willyap/Sites/wordpress/PengadaanBarang_PKL_Laravel/vendor/laravel/framework/src/Illuminate/Session/Middleware/StartSession.php(64): Illuminate\\Session\\Middleware\\StartSession->handleStatefulRequest(Object(Illuminate\\Http\\Request), Object(Illuminate\\Session\\Store), Object(Closure))
#16 /Users/willyap/Sites/wordpress/PengadaanBarang_PKL_Laravel/vendor/laravel/framework/src/Illuminate/Pipeline/Pipeline.php(167): Illuminate\\Session\\Middleware\\StartSession->handle(Object(Illuminate\\Http\\Request), Object(Closure))
#17 /Users/willyap/Sites/wordpress/PengadaanBarang_PKL_Laravel/vendor/laravel/framework/src/Illuminate/Cookie/Middleware/AddQueuedCookiesToResponse.php(37): Illuminate\\Pipeline\\Pipeline->Illuminate\\Pipeline\\{closure}(Object(Illuminate\\Http\\Request))
#18 /Users/willyap/Sites/wordpress/PengadaanBarang_PKL_Laravel/vendor/laravel/framework/src/Illuminate/Pipeline/Pipeline.php(167): Illuminate\\Cookie\\Middleware\\AddQueuedCookiesToResponse->handle(Object(Illuminate\\Http\\Request), Object(Closure))
#19 /Users/willyap/Sites/wordpress/PengadaanBarang_PKL_Laravel/vendor/laravel/framework/src/Illuminate/Cookie/Middleware/EncryptCookies.php(67): Illuminate\\Pipeline\\Pipeline->Illuminate\\Pipeline\\{closure}(Object(Illuminate\\Http\\Request))
#20 /Users/willyap/Sites/wordpress/PengadaanBarang_PKL_Laravel/vendor/laravel/framework/src/Illuminate/Pipeline/Pipeline.php(167): Illuminate\\Cookie\\Middleware\\EncryptCookies->handle(Object(Illuminate\\Http\\Request), Object(Closure))
#21 /Users/willyap/Sites/wordpress/PengadaanBarang_PKL_Laravel/vendor/laravel/framework/src/Illuminate/Pipeline/Pipeline.php(103): Illuminate\\Pipeline\\Pipeline->Illuminate\\Pipeline\\{closure}(Object(Illuminate\\Http\\Request))
#22 /Users/willyap/Sites/wordpress/PengadaanBarang_PKL_Laravel/vendor/laravel/framework/src/Illuminate/Routing/Router.php(697): Illuminate\\Pipeline\\Pipeline->then(Object(Closure))
#23 /Users/willyap/Sites/wordpress/PengadaanBarang_PKL_Laravel/vendor/laravel/framework/src/Illuminate/Routing/Router.php(672): Illuminate\\Routing\\Router->runRouteWithinStack(Object(Illuminate\\Routing\\Route), Object(Illuminate\\Http\\Request))
#24 /Users/willyap/Sites/wordpress/PengadaanBarang_PKL_Laravel/vendor/laravel/framework/src/Illuminate/Routing/Router.php(636): Illuminate\\Routing\\Router->runRoute(Object(Illuminate\\Http\\Request), Object(Illuminate\\Routing\\Route))
#25 /Users/willyap/Sites/wordpress/PengadaanBarang_PKL_Laravel/vendor/laravel/framework/src/Illuminate/Routing/Router.php(625): Illuminate\\Routing\\Router->dispatchToRoute(Object(Illuminate\\Http\\Request))
#26 /Users/willyap/Sites/wordpress/PengadaanBarang_PKL_Laravel/vendor/laravel/framework/src/Illuminate/Foundation/Http/Kernel.php(167): Illuminate\\Routing\\Router->dispatch(Object(Illuminate\\Http\\Request))
#27 /Users/willyap/Sites/wordpress/PengadaanBarang_PKL_Laravel/vendor/laravel/framework/src/Illuminate/Pipeline/Pipeline.php(128): Illuminate\\Foundation\\Http\\Kernel->Illuminate\\Foundation\\Http\\{closure}(Object(Illuminate\\Http\\Request))
#28 /Users/willyap/Sites/wordpress/PengadaanBarang_PKL_Laravel/vendor/laravel/framework/src/Illuminate/Foundation/Http/Middleware/TransformsRequest.php(21): Illuminate\\Pipeline\\Pipeline->Illuminate\\Pipeline\\{closure}(Object(Illuminate\\Http\\Request))
#29 /Users/willyap/Sites/wordpress/PengadaanBarang_PKL_Laravel/vendor/laravel/framework/src/Illuminate/Foundation/Http/Middleware/ConvertEmptyStringsToNull.php(31): Illuminate\\Foundation\\Http\\Middleware\\TransformsRequest->handle(Object(Illuminate\\Http\\Request), Object(Closure))
#30 /Users/willyap/Sites/wordpress/PengadaanBarang_PKL_Laravel/vendor/laravel/framework/src/Illuminate/Pipeline/Pipeline.php(167): Illuminate\\Foundation\\Http\\Middleware\\ConvertEmptyStringsToNull->handle(Object(Illuminate\\Http\\Request), Object(Closure))
#31 /Users/willyap/Sites/wordpress/PengadaanBarang_PKL_Laravel/vendor/laravel/framework/src/Illuminate/Foundation/Http/Middleware/TransformsRequest.php(21): Illuminate\\Pipeline\\Pipeline->Illuminate\\Pipeline\\{closure}(Object(Illuminate\\Http\\Request))
#32 /Users/willyap/Sites/wordpress/PengadaanBarang_PKL_Laravel/vendor/laravel/framework/src/Illuminate/Foundation/Http/Middleware/TrimStrings.php(40): Illuminate\\Foundation\\Http\\Middleware\\TransformsRequest->handle(Object(Illuminate\\Http\\Request), Object(Closure))
#33 /Users/willyap/Sites/wordpress/PengadaanBarang_PKL_Laravel/vendor/laravel/framework/src/Illuminate/Pipeline/Pipeline.php(167): Illuminate\\Foundation\\Http\\Middleware\\TrimStrings->handle(Object(Illuminate\\Http\\Request), Object(Closure))
#34 /Users/willyap/Sites/wordpress/PengadaanBarang_PKL_Laravel/vendor/laravel/framework/src/Illuminate/Foundation/Http/Middleware/ValidatePostSize.php(27): Illuminate\\Pipeline\\Pipeline->Illuminate\\Pipeline\\{closure}(Object(Illuminate\\Http\\Request))
#35 /Users/willyap/Sites/wordpress/PengadaanBarang_PKL_Laravel/vendor/laravel/framework/src/Illuminate/Pipeline/Pipeline.php(167): Illuminate\\Foundation\\Http\\Middleware\\ValidatePostSize->handle(Object(Illuminate\\Http\\Request), Object(Closure))
#36 /Users/willyap/Sites/wordpress/PengadaanBarang_PKL_Laravel/vendor/laravel/framework/src/Illuminate/Foundation/Http/Middleware/PreventRequestsDuringMaintenance.php(86): Illuminate\\Pipeline\\Pipeline->Illuminate\\Pipeline\\{closure}(Object(Illuminate\\Http\\Request))
#37 /Users/willyap/Sites/wordpress/PengadaanBarang_PKL_Laravel/vendor/laravel/framework/src/Illuminate/Pipeline/Pipeline.php(167): Illuminate\\Foundation\\Http\\Middleware\\PreventRequestsDuringMaintenance->handle(Object(Illuminate\\Http\\Request), Object(Closure))
#38 /Users/willyap/Sites/wordpress/PengadaanBarang_PKL_Laravel/vendor/fruitcake/laravel-cors/src/HandleCors.php(38): Illuminate\\Pipeline\\Pipeline->Illuminate\\Pipeline\\{closure}(Object(Illuminate\\Http\\Request))
#39 /Users/willyap/Sites/wordpress/PengadaanBarang_PKL_Laravel/vendor/laravel/framework/src/Illuminate/Pipeline/Pipeline.php(167): Fruitcake\\Cors\\HandleCors->handle(Object(Illuminate\\Http\\Request), Object(Closure))
#40 /Users/willyap/Sites/wordpress/PengadaanBarang_PKL_Laravel/vendor/laravel/framework/src/Illuminate/Http/Middleware/TrustProxies.php(39): Illuminate\\Pipeline\\Pipeline->Illuminate\\Pipeline\\{closure}(Object(Illuminate\\Http\\Request))
#41 /Users/willyap/Sites/wordpress/PengadaanBarang_PKL_Laravel/vendor/laravel/framework/src/Illuminate/Pipeline/Pipeline.php(167): Illuminate\\Http\\Middleware\\TrustProxies->handle(Object(Illuminate\\Http\\Request), Object(Closure))
#42 /Users/willyap/Sites/wordpress/PengadaanBarang_PKL_Laravel/vendor/laravel/framework/src/Illuminate/Pipeline/Pipeline.php(103): Illuminate\\Pipeline\\Pipeline->Illuminate\\Pipeline\\{closure}(Object(Illuminate\\Http\\Request))
#43 /Users/willyap/Sites/wordpress/PengadaanBarang_PKL_Laravel/vendor/laravel/framework/src/Illuminate/Foundation/Http/Kernel.php(142): Illuminate\\Pipeline\\Pipeline->then(Object(Closure))
#44 /Users/willyap/Sites/wordpress/PengadaanBarang_PKL_Laravel/vendor/laravel/framework/src/Illuminate/Foundation/Http/Kernel.php(111): Illuminate\\Foundation\\Http\\Kernel->sendRequestThroughRouter(Object(Illuminate\\Http\\Request))
#45 /Users/willyap/Sites/wordpress/PengadaanBarang_PKL_Laravel/public/index.php(52): Illuminate\\Foundation\\Http\\Kernel->handle(Object(Illuminate\\Http\\Request))
#46 /Users/willyap/Sites/wordpress/PengadaanBarang_PKL_Laravel/server.php(21): require_once('/Users/willyap/...')
#47 {main}
"} 
[2025-01-03 10:00:32] local.ERROR: SQLSTATE[42S22]: Column not found: 1054 Unknown column 'tanggal' in 'field list' (SQL: update `pengajuans` set `tanggal` = 2025-01-03, `pengajuans`.`updated_at` = 2025-01-03 10:00:32 where `id` = 1) {"userId":1,"exception":"[object] (Illuminate\\Database\\QueryException(code: 42S22): SQLSTATE[42S22]: Column not found: 1054 Unknown column 'tanggal' in 'field list' (SQL: update `pengajuans` set `tanggal` = 2025-01-03, `pengajuans`.`updated_at` = 2025-01-03 10:00:32 where `id` = 1) at /Users/willyap/Sites/wordpress/PengadaanBarang_PKL_Laravel/vendor/laravel/framework/src/Illuminate/Database/Connection.php:703)
[stacktrace]
#0 /Users/willyap/Sites/wordpress/PengadaanBarang_PKL_Laravel/vendor/laravel/framework/src/Illuminate/Database/Connection.php(663): Illuminate\\Database\\Connection->runQueryCallback('update `pengaju...', Array, Object(Closure))
#1 /Users/willyap/Sites/wordpress/PengadaanBarang_PKL_Laravel/vendor/laravel/framework/src/Illuminate/Database/Connection.php(524): Illuminate\\Database\\Connection->run('update `pengaju...', Array, Object(Closure))
#2 /Users/willyap/Sites/wordpress/PengadaanBarang_PKL_Laravel/vendor/laravel/framework/src/Illuminate/Database/Connection.php(457): Illuminate\\Database\\Connection->affectingStatement('update `pengaju...', Array)
#3 /Users/willyap/Sites/wordpress/PengadaanBarang_PKL_Laravel/vendor/laravel/framework/src/Illuminate/Database/Query/Builder.php(3001): Illuminate\\Database\\Connection->update('update `pengaju...', Array)
#4 /Users/willyap/Sites/wordpress/PengadaanBarang_PKL_Laravel/vendor/laravel/framework/src/Illuminate/Database/Eloquent/Builder.php(919): Illuminate\\Database\\Query\\Builder->update(Array)
#5 /Users/willyap/Sites/wordpress/PengadaanBarang_PKL_Laravel/vendor/laravel/framework/src/Illuminate/Database/Eloquent/Model.php(1072): Illuminate\\Database\\Eloquent\\Builder->update(Array)
#6 /Users/willyap/Sites/wordpress/PengadaanBarang_PKL_Laravel/vendor/laravel/framework/src/Illuminate/Database/Eloquent/Model.php(987): Illuminate\\Database\\Eloquent\\Model->performUpdate(Object(Illuminate\\Database\\Eloquent\\Builder))
#7 /Users/willyap/Sites/wordpress/PengadaanBarang_PKL_Laravel/app/Http/Controllers/PermintaanController.php(105): Illuminate\\Database\\Eloquent\\Model->save()
#8 /Users/willyap/Sites/wordpress/PengadaanBarang_PKL_Laravel/vendor/laravel/framework/src/Illuminate/Routing/Controller.php(54): App\\Http\\Controllers\\PermintaanController->update(Object(Illuminate\\Http\\Request), '1')
#9 /Users/willyap/Sites/wordpress/PengadaanBarang_PKL_Laravel/vendor/laravel/framework/src/Illuminate/Routing/ControllerDispatcher.php(45): Illuminate\\Routing\\Controller->callAction('update', Array)
#10 /Users/willyap/Sites/wordpress/PengadaanBarang_PKL_Laravel/vendor/laravel/framework/src/Illuminate/Routing/Route.php(262): Illuminate\\Routing\\ControllerDispatcher->dispatch(Object(Illuminate\\Routing\\Route), Object(App\\Http\\Controllers\\PermintaanController), 'update')
#11 /Users/willyap/Sites/wordpress/PengadaanBarang_PKL_Laravel/vendor/laravel/framework/src/Illuminate/Routing/Route.php(205): Illuminate\\Routing\\Route->runController()
#12 /Users/willyap/Sites/wordpress/PengadaanBarang_PKL_Laravel/vendor/laravel/framework/src/Illuminate/Routing/Router.php(695): Illuminate\\Routing\\Route->run()
#13 /Users/willyap/Sites/wordpress/PengadaanBarang_PKL_Laravel/vendor/laravel/framework/src/Illuminate/Pipeline/Pipeline.php(128): Illuminate\\Routing\\Router->Illuminate\\Routing\\{closure}(Object(Illuminate\\Http\\Request))
#14 /Users/willyap/Sites/wordpress/PengadaanBarang_PKL_Laravel/vendor/santigarcor/laratrust/src/Middleware/LaratrustRole.php(25): Illuminate\\Pipeline\\Pipeline->Illuminate\\Pipeline\\{closure}(Object(Illuminate\\Http\\Request))
#15 /Users/willyap/Sites/wordpress/PengadaanBarang_PKL_Laravel/vendor/laravel/framework/src/Illuminate/Pipeline/Pipeline.php(167): Laratrust\\Middleware\\LaratrustRole->handle(Object(Illuminate\\Http\\Request), Object(Closure), 'user|admin|supe...')
#16 /Users/willyap/Sites/wordpress/PengadaanBarang_PKL_Laravel/vendor/laravel/framework/src/Illuminate/Routing/Middleware/SubstituteBindings.php(50): Illuminate\\Pipeline\\Pipeline->Illuminate\\Pipeline\\{closure}(Object(Illuminate\\Http\\Request))
#17 /Users/willyap/Sites/wordpress/PengadaanBarang_PKL_Laravel/vendor/laravel/framework/src/Illuminate/Pipeline/Pipeline.php(167): Illuminate\\Routing\\Middleware\\SubstituteBindings->handle(Object(Illuminate\\Http\\Request), Object(Closure))
#18 /Users/willyap/Sites/wordpress/PengadaanBarang_PKL_Laravel/vendor/laravel/framework/src/Illuminate/Auth/Middleware/Authenticate.php(44): Illuminate\\Pipeline\\Pipeline->Illuminate\\Pipeline\\{closure}(Object(Illuminate\\Http\\Request))
#19 /Users/willyap/Sites/wordpress/PengadaanBarang_PKL_Laravel/vendor/laravel/framework/src/Illuminate/Pipeline/Pipeline.php(167): Illuminate\\Auth\\Middleware\\Authenticate->handle(Object(Illuminate\\Http\\Request), Object(Closure))
#20 /Users/willyap/Sites/wordpress/PengadaanBarang_PKL_Laravel/vendor/laravel/framework/src/Illuminate/Foundation/Http/Middleware/VerifyCsrfToken.php(78): Illuminate\\Pipeline\\Pipeline->Illuminate\\Pipeline\\{closure}(Object(Illuminate\\Http\\Request))
#21 /Users/willyap/Sites/wordpress/PengadaanBarang_PKL_Laravel/vendor/laravel/framework/src/Illuminate/Pipeline/Pipeline.php(167): Illuminate\\Foundation\\Http\\Middleware\\VerifyCsrfToken->handle(Object(Illuminate\\Http\\Request), Object(Closure))
#22 /Users/willyap/Sites/wordpress/PengadaanBarang_PKL_Laravel/vendor/laravel/framework/src/Illuminate/View/Middleware/ShareErrorsFromSession.php(49): Illuminate\\Pipeline\\Pipeline->Illuminate\\Pipeline\\{closure}(Object(Illuminate\\Http\\Request))
#23 /Users/willyap/Sites/wordpress/PengadaanBarang_PKL_Laravel/vendor/laravel/framework/src/Illuminate/Pipeline/Pipeline.php(167): Illuminate\\View\\Middleware\\ShareErrorsFromSession->handle(Object(Illuminate\\Http\\Request), Object(Closure))
#24 /Users/willyap/Sites/wordpress/PengadaanBarang_PKL_Laravel/vendor/laravel/framework/src/Illuminate/Session/Middleware/StartSession.php(121): Illuminate\\Pipeline\\Pipeline->Illuminate\\Pipeline\\{closure}(Object(Illuminate\\Http\\Request))
#25 /Users/willyap/Sites/wordpress/PengadaanBarang_PKL_Laravel/vendor/laravel/framework/src/Illuminate/Session/Middleware/StartSession.php(64): Illuminate\\Session\\Middleware\\StartSession->handleStatefulRequest(Object(Illuminate\\Http\\Request), Object(Illuminate\\Session\\Store), Object(Closure))
#26 /Users/willyap/Sites/wordpress/PengadaanBarang_PKL_Laravel/vendor/laravel/framework/src/Illuminate/Pipeline/Pipeline.php(167): Illuminate\\Session\\Middleware\\StartSession->handle(Object(Illuminate\\Http\\Request), Object(Closure))
#27 /Users/willyap/Sites/wordpress/PengadaanBarang_PKL_Laravel/vendor/laravel/framework/src/Illuminate/Cookie/Middleware/AddQueuedCookiesToResponse.php(37): Illuminate\\Pipeline\\Pipeline->Illuminate\\Pipeline\\{closure}(Object(Illuminate\\Http\\Request))
#28 /Users/willyap/Sites/wordpress/PengadaanBarang_PKL_Laravel/vendor/laravel/framework/src/Illuminate/Pipeline/Pipeline.php(167): Illuminate\\Cookie\\Middleware\\AddQueuedCookiesToResponse->handle(Object(Illuminate\\Http\\Request), Object(Closure))
#29 /Users/willyap/Sites/wordpress/PengadaanBarang_PKL_Laravel/vendor/laravel/framework/src/Illuminate/Cookie/Middleware/EncryptCookies.php(67): Illuminate\\Pipeline\\Pipeline->Illuminate\\Pipeline\\{closure}(Object(Illuminate\\Http\\Request))
#30 /Users/willyap/Sites/wordpress/PengadaanBarang_PKL_Laravel/vendor/laravel/framework/src/Illuminate/Pipeline/Pipeline.php(167): Illuminate\\Cookie\\Middleware\\EncryptCookies->handle(Object(Illuminate\\Http\\Request), Object(Closure))
#31 /Users/willyap/Sites/wordpress/PengadaanBarang_PKL_Laravel/vendor/laravel/framework/src/Illuminate/Pipeline/Pipeline.php(103): Illuminate\\Pipeline\\Pipeline->Illuminate\\Pipeline\\{closure}(Object(Illuminate\\Http\\Request))
#32 /Users/willyap/Sites/wordpress/PengadaanBarang_PKL_Laravel/vendor/laravel/framework/src/Illuminate/Routing/Router.php(697): Illuminate\\Pipeline\\Pipeline->then(Object(Closure))
#33 /Users/willyap/Sites/wordpress/PengadaanBarang_PKL_Laravel/vendor/laravel/framework/src/Illuminate/Routing/Router.php(672): Illuminate\\Routing\\Router->runRouteWithinStack(Object(Illuminate\\Routing\\Route), Object(Illuminate\\Http\\Request))
#34 /Users/willyap/Sites/wordpress/PengadaanBarang_PKL_Laravel/vendor/laravel/framework/src/Illuminate/Routing/Router.php(636): Illuminate\\Routing\\Router->runRoute(Object(Illuminate\\Http\\Request), Object(Illuminate\\Routing\\Route))
#35 /Users/willyap/Sites/wordpress/PengadaanBarang_PKL_Laravel/vendor/laravel/framework/src/Illuminate/Routing/Router.php(625): Illuminate\\Routing\\Router->dispatchToRoute(Object(Illuminate\\Http\\Request))
#36 /Users/willyap/Sites/wordpress/PengadaanBarang_PKL_Laravel/vendor/laravel/framework/src/Illuminate/Foundation/Http/Kernel.php(167): Illuminate\\Routing\\Router->dispatch(Object(Illuminate\\Http\\Request))
#37 /Users/willyap/Sites/wordpress/PengadaanBarang_PKL_Laravel/vendor/laravel/framework/src/Illuminate/Pipeline/Pipeline.php(128): Illuminate\\Foundation\\Http\\Kernel->Illuminate\\Foundation\\Http\\{closure}(Object(Illuminate\\Http\\Request))
#38 /Users/willyap/Sites/wordpress/PengadaanBarang_PKL_Laravel/vendor/laravel/framework/src/Illuminate/Foundation/Http/Middleware/TransformsRequest.php(21): Illuminate\\Pipeline\\Pipeline->Illuminate\\Pipeline\\{closure}(Object(Illuminate\\Http\\Request))
#39 /Users/willyap/Sites/wordpress/PengadaanBarang_PKL_Laravel/vendor/laravel/framework/src/Illuminate/Foundation/Http/Middleware/ConvertEmptyStringsToNull.php(31): Illuminate\\Foundation\\Http\\Middleware\\TransformsRequest->handle(Object(Illuminate\\Http\\Request), Object(Closure))
#40 /Users/willyap/Sites/wordpress/PengadaanBarang_PKL_Laravel/vendor/laravel/framework/src/Illuminate/Pipeline/Pipeline.php(167): Illuminate\\Foundation\\Http\\Middleware\\ConvertEmptyStringsToNull->handle(Object(Illuminate\\Http\\Request), Object(Closure))
#41 /Users/willyap/Sites/wordpress/PengadaanBarang_PKL_Laravel/vendor/laravel/framework/src/Illuminate/Foundation/Http/Middleware/TransformsRequest.php(21): Illuminate\\Pipeline\\Pipeline->Illuminate\\Pipeline\\{closure}(Object(Illuminate\\Http\\Request))
#42 /Users/willyap/Sites/wordpress/PengadaanBarang_PKL_Laravel/vendor/laravel/framework/src/Illuminate/Foundation/Http/Middleware/TrimStrings.php(40): Illuminate\\Foundation\\Http\\Middleware\\TransformsRequest->handle(Object(Illuminate\\Http\\Request), Object(Closure))
#43 /Users/willyap/Sites/wordpress/PengadaanBarang_PKL_Laravel/vendor/laravel/framework/src/Illuminate/Pipeline/Pipeline.php(167): Illuminate\\Foundation\\Http\\Middleware\\TrimStrings->handle(Object(Illuminate\\Http\\Request), Object(Closure))
#44 /Users/willyap/Sites/wordpress/PengadaanBarang_PKL_Laravel/vendor/laravel/framework/src/Illuminate/Foundation/Http/Middleware/ValidatePostSize.php(27): Illuminate\\Pipeline\\Pipeline->Illuminate\\Pipeline\\{closure}(Object(Illuminate\\Http\\Request))
#45 /Users/willyap/Sites/wordpress/PengadaanBarang_PKL_Laravel/vendor/laravel/framework/src/Illuminate/Pipeline/Pipeline.php(167): Illuminate\\Foundation\\Http\\Middleware\\ValidatePostSize->handle(Object(Illuminate\\Http\\Request), Object(Closure))
#46 /Users/willyap/Sites/wordpress/PengadaanBarang_PKL_Laravel/vendor/laravel/framework/src/Illuminate/Foundation/Http/Middleware/PreventRequestsDuringMaintenance.php(86): Illuminate\\Pipeline\\Pipeline->Illuminate\\Pipeline\\{closure}(Object(Illuminate\\Http\\Request))
#47 /Users/willyap/Sites/wordpress/PengadaanBarang_PKL_Laravel/vendor/laravel/framework/src/Illuminate/Pipeline/Pipeline.php(167): Illuminate\\Foundation\\Http\\Middleware\\PreventRequestsDuringMaintenance->handle(Object(Illuminate\\Http\\Request), Object(Closure))
#48 /Users/willyap/Sites/wordpress/PengadaanBarang_PKL_Laravel/vendor/fruitcake/laravel-cors/src/HandleCors.php(38): Illuminate\\Pipeline\\Pipeline->Illuminate\\Pipeline\\{closure}(Object(Illuminate\\Http\\Request))
#49 /Users/willyap/Sites/wordpress/PengadaanBarang_PKL_Laravel/vendor/laravel/framework/src/Illuminate/Pipeline/Pipeline.php(167): Fruitcake\\Cors\\HandleCors->handle(Object(Illuminate\\Http\\Request), Object(Closure))
#50 /Users/willyap/Sites/wordpress/PengadaanBarang_PKL_Laravel/vendor/laravel/framework/src/Illuminate/Http/Middleware/TrustProxies.php(39): Illuminate\\Pipeline\\Pipeline->Illuminate\\Pipeline\\{closure}(Object(Illuminate\\Http\\Request))
#51 /Users/willyap/Sites/wordpress/PengadaanBarang_PKL_Laravel/vendor/laravel/framework/src/Illuminate/Pipeline/Pipeline.php(167): Illuminate\\Http\\Middleware\\TrustProxies->handle(Object(Illuminate\\Http\\Request), Object(Closure))
#52 /Users/willyap/Sites/wordpress/PengadaanBarang_PKL_Laravel/vendor/laravel/framework/src/Illuminate/Pipeline/Pipeline.php(103): Illuminate\\Pipeline\\Pipeline->Illuminate\\Pipeline\\{closure}(Object(Illuminate\\Http\\Request))
#53 /Users/willyap/Sites/wordpress/PengadaanBarang_PKL_Laravel/vendor/laravel/framework/src/Illuminate/Foundation/Http/Kernel.php(142): Illuminate\\Pipeline\\Pipeline->then(Object(Closure))
#54 /Users/willyap/Sites/wordpress/PengadaanBarang_PKL_Laravel/vendor/laravel/framework/src/Illuminate/Foundation/Http/Kernel.php(111): Illuminate\\Foundation\\Http\\Kernel->sendRequestThroughRouter(Object(Illuminate\\Http\\Request))
#55 /Users/willyap/Sites/wordpress/PengadaanBarang_PKL_Laravel/public/index.php(52): Illuminate\\Foundation\\Http\\Kernel->handle(Object(Illuminate\\Http\\Request))
#56 /Users/willyap/Sites/wordpress/PengadaanBarang_PKL_Laravel/server.php(21): require_once('/Users/willyap/...')
#57 {main}

[previous exception] [object] (PDOException(code: 42S22): SQLSTATE[42S22]: Column not found: 1054 Unknown column 'tanggal' in 'field list' at /Users/willyap/Sites/wordpress/PengadaanBarang_PKL_Laravel/vendor/laravel/framework/src/Illuminate/Database/Connection.php:513)
[stacktrace]
#0 /Users/willyap/Sites/wordpress/PengadaanBarang_PKL_Laravel/vendor/laravel/framework/src/Illuminate/Database/Connection.php(513): PDO->prepare('update `pengaju...')
#1 /Users/willyap/Sites/wordpress/PengadaanBarang_PKL_Laravel/vendor/laravel/framework/src/Illuminate/Database/Connection.php(696): Illuminate\\Database\\Connection->Illuminate\\Database\\{closure}('update `pengaju...', Array)
#2 /Users/willyap/Sites/wordpress/PengadaanBarang_PKL_Laravel/vendor/laravel/framework/src/Illuminate/Database/Connection.php(663): Illuminate\\Database\\Connection->runQueryCallback('update `pengaju...', Array, Object(Closure))
#3 /Users/willyap/Sites/wordpress/PengadaanBarang_PKL_Laravel/vendor/laravel/framework/src/Illuminate/Database/Connection.php(524): Illuminate\\Database\\Connection->run('update `pengaju...', Array, Object(Closure))
#4 /Users/willyap/Sites/wordpress/PengadaanBarang_PKL_Laravel/vendor/laravel/framework/src/Illuminate/Database/Connection.php(457): Illuminate\\Database\\Connection->affectingStatement('update `pengaju...', Array)
#5 /Users/willyap/Sites/wordpress/PengadaanBarang_PKL_Laravel/vendor/laravel/framework/src/Illuminate/Database/Query/Builder.php(3001): Illuminate\\Database\\Connection->update('update `pengaju...', Array)
#6 /Users/willyap/Sites/wordpress/PengadaanBarang_PKL_Laravel/vendor/laravel/framework/src/Illuminate/Database/Eloquent/Builder.php(919): Illuminate\\Database\\Query\\Builder->update(Array)
#7 /Users/willyap/Sites/wordpress/PengadaanBarang_PKL_Laravel/vendor/laravel/framework/src/Illuminate/Database/Eloquent/Model.php(1072): Illuminate\\Database\\Eloquent\\Builder->update(Array)
#8 /Users/willyap/Sites/wordpress/PengadaanBarang_PKL_Laravel/vendor/laravel/framework/src/Illuminate/Database/Eloquent/Model.php(987): Illuminate\\Database\\Eloquent\\Model->performUpdate(Object(Illuminate\\Database\\Eloquent\\Builder))
#9 /Users/willyap/Sites/wordpress/PengadaanBarang_PKL_Laravel/app/Http/Controllers/PermintaanController.php(105): Illuminate\\Database\\Eloquent\\Model->save()
#10 /Users/willyap/Sites/wordpress/PengadaanBarang_PKL_Laravel/vendor/laravel/framework/src/Illuminate/Routing/Controller.php(54): App\\Http\\Controllers\\PermintaanController->update(Object(Illuminate\\Http\\Request), '1')
#11 /Users/willyap/Sites/wordpress/PengadaanBarang_PKL_Laravel/vendor/laravel/framework/src/Illuminate/Routing/ControllerDispatcher.php(45): Illuminate\\Routing\\Controller->callAction('update', Array)
#12 /Users/willyap/Sites/wordpress/PengadaanBarang_PKL_Laravel/vendor/laravel/framework/src/Illuminate/Routing/Route.php(262): Illuminate\\Routing\\ControllerDispatcher->dispatch(Object(Illuminate\\Routing\\Route), Object(App\\Http\\Controllers\\PermintaanController), 'update')
#13 /Users/willyap/Sites/wordpress/PengadaanBarang_PKL_Laravel/vendor/laravel/framework/src/Illuminate/Routing/Route.php(205): Illuminate\\Routing\\Route->runController()
#14 /Users/willyap/Sites/wordpress/PengadaanBarang_PKL_Laravel/vendor/laravel/framework/src/Illuminate/Routing/Router.php(695): Illuminate\\Routing\\Route->run()
#15 /Users/willyap/Sites/wordpress/PengadaanBarang_PKL_Laravel/vendor/laravel/framework/src/Illuminate/Pipeline/Pipeline.php(128): Illuminate\\Routing\\Router->Illuminate\\Routing\\{closure}(Object(Illuminate\\Http\\Request))
#16 /Users/willyap/Sites/wordpress/PengadaanBarang_PKL_Laravel/vendor/santigarcor/laratrust/src/Middleware/LaratrustRole.php(25): Illuminate\\Pipeline\\Pipeline->Illuminate\\Pipeline\\{closure}(Object(Illuminate\\Http\\Request))
#17 /Users/willyap/Sites/wordpress/PengadaanBarang_PKL_Laravel/vendor/laravel/framework/src/Illuminate/Pipeline/Pipeline.php(167): Laratrust\\Middleware\\LaratrustRole->handle(Object(Illuminate\\Http\\Request), Object(Closure), 'user|admin|supe...')
#18 /Users/willyap/Sites/wordpress/PengadaanBarang_PKL_Laravel/vendor/laravel/framework/src/Illuminate/Routing/Middleware/SubstituteBindings.php(50): Illuminate\\Pipeline\\Pipeline->Illuminate\\Pipeline\\{closure}(Object(Illuminate\\Http\\Request))
#19 /Users/willyap/Sites/wordpress/PengadaanBarang_PKL_Laravel/vendor/laravel/framework/src/Illuminate/Pipeline/Pipeline.php(167): Illuminate\\Routing\\Middleware\\SubstituteBindings->handle(Object(Illuminate\\Http\\Request), Object(Closure))
#20 /Users/willyap/Sites/wordpress/PengadaanBarang_PKL_Laravel/vendor/laravel/framework/src/Illuminate/Auth/Middleware/Authenticate.php(44): Illuminate\\Pipeline\\Pipeline->Illuminate\\Pipeline\\{closure}(Object(Illuminate\\Http\\Request))
#21 /Users/willyap/Sites/wordpress/PengadaanBarang_PKL_Laravel/vendor/laravel/framework/src/Illuminate/Pipeline/Pipeline.php(167): Illuminate\\Auth\\Middleware\\Authenticate->handle(Object(Illuminate\\Http\\Request), Object(Closure))
#22 /Users/willyap/Sites/wordpress/PengadaanBarang_PKL_Laravel/vendor/laravel/framework/src/Illuminate/Foundation/Http/Middleware/VerifyCsrfToken.php(78): Illuminate\\Pipeline\\Pipeline->Illuminate\\Pipeline\\{closure}(Object(Illuminate\\Http\\Request))
#23 /Users/willyap/Sites/wordpress/PengadaanBarang_PKL_Laravel/vendor/laravel/framework/src/Illuminate/Pipeline/Pipeline.php(167): Illuminate\\Foundation\\Http\\Middleware\\VerifyCsrfToken->handle(Object(Illuminate\\Http\\Request), Object(Closure))
#24 /Users/willyap/Sites/wordpress/PengadaanBarang_PKL_Laravel/vendor/laravel/framework/src/Illuminate/View/Middleware/ShareErrorsFromSession.php(49): Illuminate\\Pipeline\\Pipeline->Illuminate\\Pipeline\\{closure}(Object(Illuminate\\Http\\Request))
#25 /Users/willyap/Sites/wordpress/PengadaanBarang_PKL_Laravel/vendor/laravel/framework/src/Illuminate/Pipeline/Pipeline.php(167): Illuminate\\View\\Middleware\\ShareErrorsFromSession->handle(Object(Illuminate\\Http\\Request), Object(Closure))
#26 /Users/willyap/Sites/wordpress/PengadaanBarang_PKL_Laravel/vendor/laravel/framework/src/Illuminate/Session/Middleware/StartSession.php(121): Illuminate\\Pipeline\\Pipeline->Illuminate\\Pipeline\\{closure}(Object(Illuminate\\Http\\Request))
#27 /Users/willyap/Sites/wordpress/PengadaanBarang_PKL_Laravel/vendor/laravel/framework/src/Illuminate/Session/Middleware/StartSession.php(64): Illuminate\\Session\\Middleware\\StartSession->handleStatefulRequest(Object(Illuminate\\Http\\Request), Object(Illuminate\\Session\\Store), Object(Closure))
#28 /Users/willyap/Sites/wordpress/PengadaanBarang_PKL_Laravel/vendor/laravel/framework/src/Illuminate/Pipeline/Pipeline.php(167): Illuminate\\Session\\Middleware\\StartSession->handle(Object(Illuminate\\Http\\Request), Object(Closure))
#29 /Users/willyap/Sites/wordpress/PengadaanBarang_PKL_Laravel/vendor/laravel/framework/src/Illuminate/Cookie/Middleware/AddQueuedCookiesToResponse.php(37): Illuminate\\Pipeline\\Pipeline->Illuminate\\Pipeline\\{closure}(Object(Illuminate\\Http\\Request))
#30 /Users/willyap/Sites/wordpress/PengadaanBarang_PKL_Laravel/vendor/laravel/framework/src/Illuminate/Pipeline/Pipeline.php(167): Illuminate\\Cookie\\Middleware\\AddQueuedCookiesToResponse->handle(Object(Illuminate\\Http\\Request), Object(Closure))
#31 /Users/willyap/Sites/wordpress/PengadaanBarang_PKL_Laravel/vendor/laravel/framework/src/Illuminate/Cookie/Middleware/EncryptCookies.php(67): Illuminate\\Pipeline\\Pipeline->Illuminate\\Pipeline\\{closure}(Object(Illuminate\\Http\\Request))
#32 /Users/willyap/Sites/wordpress/PengadaanBarang_PKL_Laravel/vendor/laravel/framework/src/Illuminate/Pipeline/Pipeline.php(167): Illuminate\\Cookie\\Middleware\\EncryptCookies->handle(Object(Illuminate\\Http\\Request), Object(Closure))
#33 /Users/willyap/Sites/wordpress/PengadaanBarang_PKL_Laravel/vendor/laravel/framework/src/Illuminate/Pipeline/Pipeline.php(103): Illuminate\\Pipeline\\Pipeline->Illuminate\\Pipeline\\{closure}(Object(Illuminate\\Http\\Request))
#34 /Users/willyap/Sites/wordpress/PengadaanBarang_PKL_Laravel/vendor/laravel/framework/src/Illuminate/Routing/Router.php(697): Illuminate\\Pipeline\\Pipeline->then(Object(Closure))
#35 /Users/willyap/Sites/wordpress/PengadaanBarang_PKL_Laravel/vendor/laravel/framework/src/Illuminate/Routing/Router.php(672): Illuminate\\Routing\\Router->runRouteWithinStack(Object(Illuminate\\Routing\\Route), Object(Illuminate\\Http\\Request))
#36 /Users/willyap/Sites/wordpress/PengadaanBarang_PKL_Laravel/vendor/laravel/framework/src/Illuminate/Routing/Router.php(636): Illuminate\\Routing\\Router->runRoute(Object(Illuminate\\Http\\Request), Object(Illuminate\\Routing\\Route))
#37 /Users/willyap/Sites/wordpress/PengadaanBarang_PKL_Laravel/vendor/laravel/framework/src/Illuminate/Routing/Router.php(625): Illuminate\\Routing\\Router->dispatchToRoute(Object(Illuminate\\Http\\Request))
#38 /Users/willyap/Sites/wordpress/PengadaanBarang_PKL_Laravel/vendor/laravel/framework/src/Illuminate/Foundation/Http/Kernel.php(167): Illuminate\\Routing\\Router->dispatch(Object(Illuminate\\Http\\Request))
#39 /Users/willyap/Sites/wordpress/PengadaanBarang_PKL_Laravel/vendor/laravel/framework/src/Illuminate/Pipeline/Pipeline.php(128): Illuminate\\Foundation\\Http\\Kernel->Illuminate\\Foundation\\Http\\{closure}(Object(Illuminate\\Http\\Request))
#40 /Users/willyap/Sites/wordpress/PengadaanBarang_PKL_Laravel/vendor/laravel/framework/src/Illuminate/Foundation/Http/Middleware/TransformsRequest.php(21): Illuminate\\Pipeline\\Pipeline->Illuminate\\Pipeline\\{closure}(Object(Illuminate\\Http\\Request))
#41 /Users/willyap/Sites/wordpress/PengadaanBarang_PKL_Laravel/vendor/laravel/framework/src/Illuminate/Foundation/Http/Middleware/ConvertEmptyStringsToNull.php(31): Illuminate\\Foundation\\Http\\Middleware\\TransformsRequest->handle(Object(Illuminate\\Http\\Request), Object(Closure))
#42 /Users/willyap/Sites/wordpress/PengadaanBarang_PKL_Laravel/vendor/laravel/framework/src/Illuminate/Pipeline/Pipeline.php(167): Illuminate\\Foundation\\Http\\Middleware\\ConvertEmptyStringsToNull->handle(Object(Illuminate\\Http\\Request), Object(Closure))
#43 /Users/willyap/Sites/wordpress/PengadaanBarang_PKL_Laravel/vendor/laravel/framework/src/Illuminate/Foundation/Http/Middleware/TransformsRequest.php(21): Illuminate\\Pipeline\\Pipeline->Illuminate\\Pipeline\\{closure}(Object(Illuminate\\Http\\Request))
#44 /Users/willyap/Sites/wordpress/PengadaanBarang_PKL_Laravel/vendor/laravel/framework/src/Illuminate/Foundation/Http/Middleware/TrimStrings.php(40): Illuminate\\Foundation\\Http\\Middleware\\TransformsRequest->handle(Object(Illuminate\\Http\\Request), Object(Closure))
#45 /Users/willyap/Sites/wordpress/PengadaanBarang_PKL_Laravel/vendor/laravel/framework/src/Illuminate/Pipeline/Pipeline.php(167): Illuminate\\Foundation\\Http\\Middleware\\TrimStrings->handle(Object(Illuminate\\Http\\Request), Object(Closure))
#46 /Users/willyap/Sites/wordpress/PengadaanBarang_PKL_Laravel/vendor/laravel/framework/src/Illuminate/Foundation/Http/Middleware/ValidatePostSize.php(27): Illuminate\\Pipeline\\Pipeline->Illuminate\\Pipeline\\{closure}(Object(Illuminate\\Http\\Request))
#47 /Users/willyap/Sites/wordpress/PengadaanBarang_PKL_Laravel/vendor/laravel/framework/src/Illuminate/Pipeline/Pipeline.php(167): Illuminate\\Foundation\\Http\\Middleware\\ValidatePostSize->handle(Object(Illuminate\\Http\\Request), Object(Closure))
#48 /Users/willyap/Sites/wordpress/PengadaanBarang_PKL_Laravel/vendor/laravel/framework/src/Illuminate/Foundation/Http/Middleware/PreventRequestsDuringMaintenance.php(86): Illuminate\\Pipeline\\Pipeline->Illuminate\\Pipeline\\{closure}(Object(Illuminate\\Http\\Request))
#49 /Users/willyap/Sites/wordpress/PengadaanBarang_PKL_Laravel/vendor/laravel/framework/src/Illuminate/Pipeline/Pipeline.php(167): Illuminate\\Foundation\\Http\\Middleware\\PreventRequestsDuringMaintenance->handle(Object(Illuminate\\Http\\Request), Object(Closure))
#50 /Users/willyap/Sites/wordpress/PengadaanBarang_PKL_Laravel/vendor/fruitcake/laravel-cors/src/HandleCors.php(38): Illuminate\\Pipeline\\Pipeline->Illuminate\\Pipeline\\{closure}(Object(Illuminate\\Http\\Request))
#51 /Users/willyap/Sites/wordpress/PengadaanBarang_PKL_Laravel/vendor/laravel/framework/src/Illuminate/Pipeline/Pipeline.php(167): Fruitcake\\Cors\\HandleCors->handle(Object(Illuminate\\Http\\Request), Object(Closure))
#52 /Users/willyap/Sites/wordpress/PengadaanBarang_PKL_Laravel/vendor/laravel/framework/src/Illuminate/Http/Middleware/TrustProxies.php(39): Illuminate\\Pipeline\\Pipeline->Illuminate\\Pipeline\\{closure}(Object(Illuminate\\Http\\Request))
#53 /Users/willyap/Sites/wordpress/PengadaanBarang_PKL_Laravel/vendor/laravel/framework/src/Illuminate/Pipeline/Pipeline.php(167): Illuminate\\Http\\Middleware\\TrustProxies->handle(Object(Illuminate\\Http\\Request), Object(Closure))
#54 /Users/willyap/Sites/wordpress/PengadaanBarang_PKL_Laravel/vendor/laravel/framework/src/Illuminate/Pipeline/Pipeline.php(103): Illuminate\\Pipeline\\Pipeline->Illuminate\\Pipeline\\{closure}(Object(Illuminate\\Http\\Request))
#55 /Users/willyap/Sites/wordpress/PengadaanBarang_PKL_Laravel/vendor/laravel/framework/src/Illuminate/Foundation/Http/Kernel.php(142): Illuminate\\Pipeline\\Pipeline->then(Object(Closure))
#56 /Users/willyap/Sites/wordpress/PengadaanBarang_PKL_Laravel/vendor/laravel/framework/src/Illuminate/Foundation/Http/Kernel.php(111): Illuminate\\Foundation\\Http\\Kernel->sendRequestThroughRouter(Object(Illuminate\\Http\\Request))
#57 /Users/willyap/Sites/wordpress/PengadaanBarang_PKL_Laravel/public/index.php(52): Illuminate\\Foundation\\Http\\Kernel->handle(Object(Illuminate\\Http\\Request))
#58 /Users/willyap/Sites/wordpress/PengadaanBarang_PKL_Laravel/server.php(21): require_once('/Users/willyap/...')
#59 {main}
"} 
[2025-01-03 10:01:01] local.ERROR: SQLSTATE[42S22]: Column not found: 1054 Unknown column 'tanggal' in 'field list' (SQL: insert into `pengajuans` (`tanggal`, `kode_pengajuan`, `barang_id`, `qty`, `perkiraan_biaya`, `updated_at`, `created_at`) values (2025-01-03, PGJN-BRG0002, 1, 1, 2222, 2025-01-03 10:01:01, 2025-01-03 10:01:01)) {"userId":1,"exception":"[object] (Illuminate\\Database\\QueryException(code: 42S22): SQLSTATE[42S22]: Column not found: 1054 Unknown column 'tanggal' in 'field list' (SQL: insert into `pengajuans` (`tanggal`, `kode_pengajuan`, `barang_id`, `qty`, `perkiraan_biaya`, `updated_at`, `created_at`) values (2025-01-03, PGJN-BRG0002, 1, 1, 2222, 2025-01-03 10:01:01, 2025-01-03 10:01:01)) at /Users/willyap/Sites/wordpress/PengadaanBarang_PKL_Laravel/vendor/laravel/framework/src/Illuminate/Database/Connection.php:703)
[stacktrace]
#0 /Users/willyap/Sites/wordpress/PengadaanBarang_PKL_Laravel/vendor/laravel/framework/src/Illuminate/Database/Connection.php(663): Illuminate\\Database\\Connection->runQueryCallback('insert into `pe...', Array, Object(Closure))
#1 /Users/willyap/Sites/wordpress/PengadaanBarang_PKL_Laravel/vendor/laravel/framework/src/Illuminate/Database/Connection.php(493): Illuminate\\Database\\Connection->run('insert into `pe...', Array, Object(Closure))
#2 /Users/willyap/Sites/wordpress/PengadaanBarang_PKL_Laravel/vendor/laravel/framework/src/Illuminate/Database/Connection.php(445): Illuminate\\Database\\Connection->statement('insert into `pe...', Array)
#3 /Users/willyap/Sites/wordpress/PengadaanBarang_PKL_Laravel/vendor/laravel/framework/src/Illuminate/Database/Query/Processors/Processor.php(32): Illuminate\\Database\\Connection->insert('insert into `pe...', Array)
#4 /Users/willyap/Sites/wordpress/PengadaanBarang_PKL_Laravel/vendor/laravel/framework/src/Illuminate/Database/Query/Builder.php(2966): Illuminate\\Database\\Query\\Processors\\Processor->processInsertGetId(Object(Illuminate\\Database\\Query\\Builder), 'insert into `pe...', Array, 'id')
#5 /Users/willyap/Sites/wordpress/PengadaanBarang_PKL_Laravel/vendor/laravel/framework/src/Illuminate/Database/Eloquent/Builder.php(1655): Illuminate\\Database\\Query\\Builder->insertGetId(Array, 'id')
#6 /Users/willyap/Sites/wordpress/PengadaanBarang_PKL_Laravel/vendor/laravel/framework/src/Illuminate/Database/Eloquent/Model.php(1188): Illuminate\\Database\\Eloquent\\Builder->__call('insertGetId', Array)
#7 /Users/willyap/Sites/wordpress/PengadaanBarang_PKL_Laravel/vendor/laravel/framework/src/Illuminate/Database/Eloquent/Model.php(1153): Illuminate\\Database\\Eloquent\\Model->insertAndSetId(Object(Illuminate\\Database\\Eloquent\\Builder), Array)
#8 /Users/willyap/Sites/wordpress/PengadaanBarang_PKL_Laravel/vendor/laravel/framework/src/Illuminate/Database/Eloquent/Model.php(994): Illuminate\\Database\\Eloquent\\Model->performInsert(Object(Illuminate\\Database\\Eloquent\\Builder))
#9 /Users/willyap/Sites/wordpress/PengadaanBarang_PKL_Laravel/app/Http/Controllers/PermintaanController.php(54): Illuminate\\Database\\Eloquent\\Model->save()
#10 /Users/willyap/Sites/wordpress/PengadaanBarang_PKL_Laravel/vendor/laravel/framework/src/Illuminate/Routing/Controller.php(54): App\\Http\\Controllers\\PermintaanController->store(Object(Illuminate\\Http\\Request))
#11 /Users/willyap/Sites/wordpress/PengadaanBarang_PKL_Laravel/vendor/laravel/framework/src/Illuminate/Routing/ControllerDispatcher.php(45): Illuminate\\Routing\\Controller->callAction('store', Array)
#12 /Users/willyap/Sites/wordpress/PengadaanBarang_PKL_Laravel/vendor/laravel/framework/src/Illuminate/Routing/Route.php(262): Illuminate\\Routing\\ControllerDispatcher->dispatch(Object(Illuminate\\Routing\\Route), Object(App\\Http\\Controllers\\PermintaanController), 'store')
#13 /Users/willyap/Sites/wordpress/PengadaanBarang_PKL_Laravel/vendor/laravel/framework/src/Illuminate/Routing/Route.php(205): Illuminate\\Routing\\Route->runController()
#14 /Users/willyap/Sites/wordpress/PengadaanBarang_PKL_Laravel/vendor/laravel/framework/src/Illuminate/Routing/Router.php(695): Illuminate\\Routing\\Route->run()
#15 /Users/willyap/Sites/wordpress/PengadaanBarang_PKL_Laravel/vendor/laravel/framework/src/Illuminate/Pipeline/Pipeline.php(128): Illuminate\\Routing\\Router->Illuminate\\Routing\\{closure}(Object(Illuminate\\Http\\Request))
#16 /Users/willyap/Sites/wordpress/PengadaanBarang_PKL_Laravel/vendor/santigarcor/laratrust/src/Middleware/LaratrustRole.php(25): Illuminate\\Pipeline\\Pipeline->Illuminate\\Pipeline\\{closure}(Object(Illuminate\\Http\\Request))
#17 /Users/willyap/Sites/wordpress/PengadaanBarang_PKL_Laravel/vendor/laravel/framework/src/Illuminate/Pipeline/Pipeline.php(167): Laratrust\\Middleware\\LaratrustRole->handle(Object(Illuminate\\Http\\Request), Object(Closure), 'user|admin|supe...')
#18 /Users/willyap/Sites/wordpress/PengadaanBarang_PKL_Laravel/vendor/laravel/framework/src/Illuminate/Routing/Middleware/SubstituteBindings.php(50): Illuminate\\Pipeline\\Pipeline->Illuminate\\Pipeline\\{closure}(Object(Illuminate\\Http\\Request))
#19 /Users/willyap/Sites/wordpress/PengadaanBarang_PKL_Laravel/vendor/laravel/framework/src/Illuminate/Pipeline/Pipeline.php(167): Illuminate\\Routing\\Middleware\\SubstituteBindings->handle(Object(Illuminate\\Http\\Request), Object(Closure))
#20 /Users/willyap/Sites/wordpress/PengadaanBarang_PKL_Laravel/vendor/laravel/framework/src/Illuminate/Auth/Middleware/Authenticate.php(44): Illuminate\\Pipeline\\Pipeline->Illuminate\\Pipeline\\{closure}(Object(Illuminate\\Http\\Request))
#21 /Users/willyap/Sites/wordpress/PengadaanBarang_PKL_Laravel/vendor/laravel/framework/src/Illuminate/Pipeline/Pipeline.php(167): Illuminate\\Auth\\Middleware\\Authenticate->handle(Object(Illuminate\\Http\\Request), Object(Closure))
#22 /Users/willyap/Sites/wordpress/PengadaanBarang_PKL_Laravel/vendor/laravel/framework/src/Illuminate/Foundation/Http/Middleware/VerifyCsrfToken.php(78): Illuminate\\Pipeline\\Pipeline->Illuminate\\Pipeline\\{closure}(Object(Illuminate\\Http\\Request))
#23 /Users/willyap/Sites/wordpress/PengadaanBarang_PKL_Laravel/vendor/laravel/framework/src/Illuminate/Pipeline/Pipeline.php(167): Illuminate\\Foundation\\Http\\Middleware\\VerifyCsrfToken->handle(Object(Illuminate\\Http\\Request), Object(Closure))
#24 /Users/willyap/Sites/wordpress/PengadaanBarang_PKL_Laravel/vendor/laravel/framework/src/Illuminate/View/Middleware/ShareErrorsFromSession.php(49): Illuminate\\Pipeline\\Pipeline->Illuminate\\Pipeline\\{closure}(Object(Illuminate\\Http\\Request))
#25 /Users/willyap/Sites/wordpress/PengadaanBarang_PKL_Laravel/vendor/laravel/framework/src/Illuminate/Pipeline/Pipeline.php(167): Illuminate\\View\\Middleware\\ShareErrorsFromSession->handle(Object(Illuminate\\Http\\Request), Object(Closure))
#26 /Users/willyap/Sites/wordpress/PengadaanBarang_PKL_Laravel/vendor/laravel/framework/src/Illuminate/Session/Middleware/StartSession.php(121): Illuminate\\Pipeline\\Pipeline->Illuminate\\Pipeline\\{closure}(Object(Illuminate\\Http\\Request))
#27 /Users/willyap/Sites/wordpress/PengadaanBarang_PKL_Laravel/vendor/laravel/framework/src/Illuminate/Session/Middleware/StartSession.php(64): Illuminate\\Session\\Middleware\\StartSession->handleStatefulRequest(Object(Illuminate\\Http\\Request), Object(Illuminate\\Session\\Store), Object(Closure))
#28 /Users/willyap/Sites/wordpress/PengadaanBarang_PKL_Laravel/vendor/laravel/framework/src/Illuminate/Pipeline/Pipeline.php(167): Illuminate\\Session\\Middleware\\StartSession->handle(Object(Illuminate\\Http\\Request), Object(Closure))
#29 /Users/willyap/Sites/wordpress/PengadaanBarang_PKL_Laravel/vendor/laravel/framework/src/Illuminate/Cookie/Middleware/AddQueuedCookiesToResponse.php(37): Illuminate\\Pipeline\\Pipeline->Illuminate\\Pipeline\\{closure}(Object(Illuminate\\Http\\Request))
#30 /Users/willyap/Sites/wordpress/PengadaanBarang_PKL_Laravel/vendor/laravel/framework/src/Illuminate/Pipeline/Pipeline.php(167): Illuminate\\Cookie\\Middleware\\AddQueuedCookiesToResponse->handle(Object(Illuminate\\Http\\Request), Object(Closure))
#31 /Users/willyap/Sites/wordpress/PengadaanBarang_PKL_Laravel/vendor/laravel/framework/src/Illuminate/Cookie/Middleware/EncryptCookies.php(67): Illuminate\\Pipeline\\Pipeline->Illuminate\\Pipeline\\{closure}(Object(Illuminate\\Http\\Request))
#32 /Users/willyap/Sites/wordpress/PengadaanBarang_PKL_Laravel/vendor/laravel/framework/src/Illuminate/Pipeline/Pipeline.php(167): Illuminate\\Cookie\\Middleware\\EncryptCookies->handle(Object(Illuminate\\Http\\Request), Object(Closure))
#33 /Users/willyap/Sites/wordpress/PengadaanBarang_PKL_Laravel/vendor/laravel/framework/src/Illuminate/Pipeline/Pipeline.php(103): Illuminate\\Pipeline\\Pipeline->Illuminate\\Pipeline\\{closure}(Object(Illuminate\\Http\\Request))
#34 /Users/willyap/Sites/wordpress/PengadaanBarang_PKL_Laravel/vendor/laravel/framework/src/Illuminate/Routing/Router.php(697): Illuminate\\Pipeline\\Pipeline->then(Object(Closure))
#35 /Users/willyap/Sites/wordpress/PengadaanBarang_PKL_Laravel/vendor/laravel/framework/src/Illuminate/Routing/Router.php(672): Illuminate\\Routing\\Router->runRouteWithinStack(Object(Illuminate\\Routing\\Route), Object(Illuminate\\Http\\Request))
#36 /Users/willyap/Sites/wordpress/PengadaanBarang_PKL_Laravel/vendor/laravel/framework/src/Illuminate/Routing/Router.php(636): Illuminate\\Routing\\Router->runRoute(Object(Illuminate\\Http\\Request), Object(Illuminate\\Routing\\Route))
#37 /Users/willyap/Sites/wordpress/PengadaanBarang_PKL_Laravel/vendor/laravel/framework/src/Illuminate/Routing/Router.php(625): Illuminate\\Routing\\Router->dispatchToRoute(Object(Illuminate\\Http\\Request))
#38 /Users/willyap/Sites/wordpress/PengadaanBarang_PKL_Laravel/vendor/laravel/framework/src/Illuminate/Foundation/Http/Kernel.php(167): Illuminate\\Routing\\Router->dispatch(Object(Illuminate\\Http\\Request))
#39 /Users/willyap/Sites/wordpress/PengadaanBarang_PKL_Laravel/vendor/laravel/framework/src/Illuminate/Pipeline/Pipeline.php(128): Illuminate\\Foundation\\Http\\Kernel->Illuminate\\Foundation\\Http\\{closure}(Object(Illuminate\\Http\\Request))
#40 /Users/willyap/Sites/wordpress/PengadaanBarang_PKL_Laravel/vendor/laravel/framework/src/Illuminate/Foundation/Http/Middleware/TransformsRequest.php(21): Illuminate\\Pipeline\\Pipeline->Illuminate\\Pipeline\\{closure}(Object(Illuminate\\Http\\Request))
#41 /Users/willyap/Sites/wordpress/PengadaanBarang_PKL_Laravel/vendor/laravel/framework/src/Illuminate/Foundation/Http/Middleware/ConvertEmptyStringsToNull.php(31): Illuminate\\Foundation\\Http\\Middleware\\TransformsRequest->handle(Object(Illuminate\\Http\\Request), Object(Closure))
#42 /Users/willyap/Sites/wordpress/PengadaanBarang_PKL_Laravel/vendor/laravel/framework/src/Illuminate/Pipeline/Pipeline.php(167): Illuminate\\Foundation\\Http\\Middleware\\ConvertEmptyStringsToNull->handle(Object(Illuminate\\Http\\Request), Object(Closure))
#43 /Users/willyap/Sites/wordpress/PengadaanBarang_PKL_Laravel/vendor/laravel/framework/src/Illuminate/Foundation/Http/Middleware/TransformsRequest.php(21): Illuminate\\Pipeline\\Pipeline->Illuminate\\Pipeline\\{closure}(Object(Illuminate\\Http\\Request))
#44 /Users/willyap/Sites/wordpress/PengadaanBarang_PKL_Laravel/vendor/laravel/framework/src/Illuminate/Foundation/Http/Middleware/TrimStrings.php(40): Illuminate\\Foundation\\Http\\Middleware\\TransformsRequest->handle(Object(Illuminate\\Http\\Request), Object(Closure))
#45 /Users/willyap/Sites/wordpress/PengadaanBarang_PKL_Laravel/vendor/laravel/framework/src/Illuminate/Pipeline/Pipeline.php(167): Illuminate\\Foundation\\Http\\Middleware\\TrimStrings->handle(Object(Illuminate\\Http\\Request), Object(Closure))
#46 /Users/willyap/Sites/wordpress/PengadaanBarang_PKL_Laravel/vendor/laravel/framework/src/Illuminate/Foundation/Http/Middleware/ValidatePostSize.php(27): Illuminate\\Pipeline\\Pipeline->Illuminate\\Pipeline\\{closure}(Object(Illuminate\\Http\\Request))
#47 /Users/willyap/Sites/wordpress/PengadaanBarang_PKL_Laravel/vendor/laravel/framework/src/Illuminate/Pipeline/Pipeline.php(167): Illuminate\\Foundation\\Http\\Middleware\\ValidatePostSize->handle(Object(Illuminate\\Http\\Request), Object(Closure))
#48 /Users/willyap/Sites/wordpress/PengadaanBarang_PKL_Laravel/vendor/laravel/framework/src/Illuminate/Foundation/Http/Middleware/PreventRequestsDuringMaintenance.php(86): Illuminate\\Pipeline\\Pipeline->Illuminate\\Pipeline\\{closure}(Object(Illuminate\\Http\\Request))
#49 /Users/willyap/Sites/wordpress/PengadaanBarang_PKL_Laravel/vendor/laravel/framework/src/Illuminate/Pipeline/Pipeline.php(167): Illuminate\\Foundation\\Http\\Middleware\\PreventRequestsDuringMaintenance->handle(Object(Illuminate\\Http\\Request), Object(Closure))
#50 /Users/willyap/Sites/wordpress/PengadaanBarang_PKL_Laravel/vendor/fruitcake/laravel-cors/src/HandleCors.php(38): Illuminate\\Pipeline\\Pipeline->Illuminate\\Pipeline\\{closure}(Object(Illuminate\\Http\\Request))
#51 /Users/willyap/Sites/wordpress/PengadaanBarang_PKL_Laravel/vendor/laravel/framework/src/Illuminate/Pipeline/Pipeline.php(167): Fruitcake\\Cors\\HandleCors->handle(Object(Illuminate\\Http\\Request), Object(Closure))
#52 /Users/willyap/Sites/wordpress/PengadaanBarang_PKL_Laravel/vendor/laravel/framework/src/Illuminate/Http/Middleware/TrustProxies.php(39): Illuminate\\Pipeline\\Pipeline->Illuminate\\Pipeline\\{closure}(Object(Illuminate\\Http\\Request))
#53 /Users/willyap/Sites/wordpress/PengadaanBarang_PKL_Laravel/vendor/laravel/framework/src/Illuminate/Pipeline/Pipeline.php(167): Illuminate\\Http\\Middleware\\TrustProxies->handle(Object(Illuminate\\Http\\Request), Object(Closure))
#54 /Users/willyap/Sites/wordpress/PengadaanBarang_PKL_Laravel/vendor/laravel/framework/src/Illuminate/Pipeline/Pipeline.php(103): Illuminate\\Pipeline\\Pipeline->Illuminate\\Pipeline\\{closure}(Object(Illuminate\\Http\\Request))
#55 /Users/willyap/Sites/wordpress/PengadaanBarang_PKL_Laravel/vendor/laravel/framework/src/Illuminate/Foundation/Http/Kernel.php(142): Illuminate\\Pipeline\\Pipeline->then(Object(Closure))
#56 /Users/willyap/Sites/wordpress/PengadaanBarang_PKL_Laravel/vendor/laravel/framework/src/Illuminate/Foundation/Http/Kernel.php(111): Illuminate\\Foundation\\Http\\Kernel->sendRequestThroughRouter(Object(Illuminate\\Http\\Request))
#57 /Users/willyap/Sites/wordpress/PengadaanBarang_PKL_Laravel/public/index.php(52): Illuminate\\Foundation\\Http\\Kernel->handle(Object(Illuminate\\Http\\Request))
#58 /Users/willyap/Sites/wordpress/PengadaanBarang_PKL_Laravel/server.php(21): require_once('/Users/willyap/...')
#59 {main}

[previous exception] [object] (PDOException(code: 42S22): SQLSTATE[42S22]: Column not found: 1054 Unknown column 'tanggal' in 'field list' at /Users/willyap/Sites/wordpress/PengadaanBarang_PKL_Laravel/vendor/laravel/framework/src/Illuminate/Database/Connection.php:486)
[stacktrace]
#0 /Users/willyap/Sites/wordpress/PengadaanBarang_PKL_Laravel/vendor/laravel/framework/src/Illuminate/Database/Connection.php(486): PDO->prepare('insert into `pe...')
#1 /Users/willyap/Sites/wordpress/PengadaanBarang_PKL_Laravel/vendor/laravel/framework/src/Illuminate/Database/Connection.php(696): Illuminate\\Database\\Connection->Illuminate\\Database\\{closure}('insert into `pe...', Array)
#2 /Users/willyap/Sites/wordpress/PengadaanBarang_PKL_Laravel/vendor/laravel/framework/src/Illuminate/Database/Connection.php(663): Illuminate\\Database\\Connection->runQueryCallback('insert into `pe...', Array, Object(Closure))
#3 /Users/willyap/Sites/wordpress/PengadaanBarang_PKL_Laravel/vendor/laravel/framework/src/Illuminate/Database/Connection.php(493): Illuminate\\Database\\Connection->run('insert into `pe...', Array, Object(Closure))
#4 /Users/willyap/Sites/wordpress/PengadaanBarang_PKL_Laravel/vendor/laravel/framework/src/Illuminate/Database/Connection.php(445): Illuminate\\Database\\Connection->statement('insert into `pe...', Array)
#5 /Users/willyap/Sites/wordpress/PengadaanBarang_PKL_Laravel/vendor/laravel/framework/src/Illuminate/Database/Query/Processors/Processor.php(32): Illuminate\\Database\\Connection->insert('insert into `pe...', Array)
#6 /Users/willyap/Sites/wordpress/PengadaanBarang_PKL_Laravel/vendor/laravel/framework/src/Illuminate/Database/Query/Builder.php(2966): Illuminate\\Database\\Query\\Processors\\Processor->processInsertGetId(Object(Illuminate\\Database\\Query\\Builder), 'insert into `pe...', Array, 'id')
#7 /Users/willyap/Sites/wordpress/PengadaanBarang_PKL_Laravel/vendor/laravel/framework/src/Illuminate/Database/Eloquent/Builder.php(1655): Illuminate\\Database\\Query\\Builder->insertGetId(Array, 'id')
#8 /Users/willyap/Sites/wordpress/PengadaanBarang_PKL_Laravel/vendor/laravel/framework/src/Illuminate/Database/Eloquent/Model.php(1188): Illuminate\\Database\\Eloquent\\Builder->__call('insertGetId', Array)
#9 /Users/willyap/Sites/wordpress/PengadaanBarang_PKL_Laravel/vendor/laravel/framework/src/Illuminate/Database/Eloquent/Model.php(1153): Illuminate\\Database\\Eloquent\\Model->insertAndSetId(Object(Illuminate\\Database\\Eloquent\\Builder), Array)
#10 /Users/willyap/Sites/wordpress/PengadaanBarang_PKL_Laravel/vendor/laravel/framework/src/Illuminate/Database/Eloquent/Model.php(994): Illuminate\\Database\\Eloquent\\Model->performInsert(Object(Illuminate\\Database\\Eloquent\\Builder))
#11 /Users/willyap/Sites/wordpress/PengadaanBarang_PKL_Laravel/app/Http/Controllers/PermintaanController.php(54): Illuminate\\Database\\Eloquent\\Model->save()
#12 /Users/willyap/Sites/wordpress/PengadaanBarang_PKL_Laravel/vendor/laravel/framework/src/Illuminate/Routing/Controller.php(54): App\\Http\\Controllers\\PermintaanController->store(Object(Illuminate\\Http\\Request))
#13 /Users/willyap/Sites/wordpress/PengadaanBarang_PKL_Laravel/vendor/laravel/framework/src/Illuminate/Routing/ControllerDispatcher.php(45): Illuminate\\Routing\\Controller->callAction('store', Array)
#14 /Users/willyap/Sites/wordpress/PengadaanBarang_PKL_Laravel/vendor/laravel/framework/src/Illuminate/Routing/Route.php(262): Illuminate\\Routing\\ControllerDispatcher->dispatch(Object(Illuminate\\Routing\\Route), Object(App\\Http\\Controllers\\PermintaanController), 'store')
#15 /Users/willyap/Sites/wordpress/PengadaanBarang_PKL_Laravel/vendor/laravel/framework/src/Illuminate/Routing/Route.php(205): Illuminate\\Routing\\Route->runController()
#16 /Users/willyap/Sites/wordpress/PengadaanBarang_PKL_Laravel/vendor/laravel/framework/src/Illuminate/Routing/Router.php(695): Illuminate\\Routing\\Route->run()
#17 /Users/willyap/Sites/wordpress/PengadaanBarang_PKL_Laravel/vendor/laravel/framework/src/Illuminate/Pipeline/Pipeline.php(128): Illuminate\\Routing\\Router->Illuminate\\Routing\\{closure}(Object(Illuminate\\Http\\Request))
#18 /Users/willyap/Sites/wordpress/PengadaanBarang_PKL_Laravel/vendor/santigarcor/laratrust/src/Middleware/LaratrustRole.php(25): Illuminate\\Pipeline\\Pipeline->Illuminate\\Pipeline\\{closure}(Object(Illuminate\\Http\\Request))
#19 /Users/willyap/Sites/wordpress/PengadaanBarang_PKL_Laravel/vendor/laravel/framework/src/Illuminate/Pipeline/Pipeline.php(167): Laratrust\\Middleware\\LaratrustRole->handle(Object(Illuminate\\Http\\Request), Object(Closure), 'user|admin|supe...')
#20 /Users/willyap/Sites/wordpress/PengadaanBarang_PKL_Laravel/vendor/laravel/framework/src/Illuminate/Routing/Middleware/SubstituteBindings.php(50): Illuminate\\Pipeline\\Pipeline->Illuminate\\Pipeline\\{closure}(Object(Illuminate\\Http\\Request))
#21 /Users/willyap/Sites/wordpress/PengadaanBarang_PKL_Laravel/vendor/laravel/framework/src/Illuminate/Pipeline/Pipeline.php(167): Illuminate\\Routing\\Middleware\\SubstituteBindings->handle(Object(Illuminate\\Http\\Request), Object(Closure))
#22 /Users/willyap/Sites/wordpress/PengadaanBarang_PKL_Laravel/vendor/laravel/framework/src/Illuminate/Auth/Middleware/Authenticate.php(44): Illuminate\\Pipeline\\Pipeline->Illuminate\\Pipeline\\{closure}(Object(Illuminate\\Http\\Request))
#23 /Users/willyap/Sites/wordpress/PengadaanBarang_PKL_Laravel/vendor/laravel/framework/src/Illuminate/Pipeline/Pipeline.php(167): Illuminate\\Auth\\Middleware\\Authenticate->handle(Object(Illuminate\\Http\\Request), Object(Closure))
#24 /Users/willyap/Sites/wordpress/PengadaanBarang_PKL_Laravel/vendor/laravel/framework/src/Illuminate/Foundation/Http/Middleware/VerifyCsrfToken.php(78): Illuminate\\Pipeline\\Pipeline->Illuminate\\Pipeline\\{closure}(Object(Illuminate\\Http\\Request))
#25 /Users/willyap/Sites/wordpress/PengadaanBarang_PKL_Laravel/vendor/laravel/framework/src/Illuminate/Pipeline/Pipeline.php(167): Illuminate\\Foundation\\Http\\Middleware\\VerifyCsrfToken->handle(Object(Illuminate\\Http\\Request), Object(Closure))
#26 /Users/willyap/Sites/wordpress/PengadaanBarang_PKL_Laravel/vendor/laravel/framework/src/Illuminate/View/Middleware/ShareErrorsFromSession.php(49): Illuminate\\Pipeline\\Pipeline->Illuminate\\Pipeline\\{closure}(Object(Illuminate\\Http\\Request))
#27 /Users/willyap/Sites/wordpress/PengadaanBarang_PKL_Laravel/vendor/laravel/framework/src/Illuminate/Pipeline/Pipeline.php(167): Illuminate\\View\\Middleware\\ShareErrorsFromSession->handle(Object(Illuminate\\Http\\Request), Object(Closure))
#28 /Users/willyap/Sites/wordpress/PengadaanBarang_PKL_Laravel/vendor/laravel/framework/src/Illuminate/Session/Middleware/StartSession.php(121): Illuminate\\Pipeline\\Pipeline->Illuminate\\Pipeline\\{closure}(Object(Illuminate\\Http\\Request))
#29 /Users/willyap/Sites/wordpress/PengadaanBarang_PKL_Laravel/vendor/laravel/framework/src/Illuminate/Session/Middleware/StartSession.php(64): Illuminate\\Session\\Middleware\\StartSession->handleStatefulRequest(Object(Illuminate\\Http\\Request), Object(Illuminate\\Session\\Store), Object(Closure))
#30 /Users/willyap/Sites/wordpress/PengadaanBarang_PKL_Laravel/vendor/laravel/framework/src/Illuminate/Pipeline/Pipeline.php(167): Illuminate\\Session\\Middleware\\StartSession->handle(Object(Illuminate\\Http\\Request), Object(Closure))
#31 /Users/willyap/Sites/wordpress/PengadaanBarang_PKL_Laravel/vendor/laravel/framework/src/Illuminate/Cookie/Middleware/AddQueuedCookiesToResponse.php(37): Illuminate\\Pipeline\\Pipeline->Illuminate\\Pipeline\\{closure}(Object(Illuminate\\Http\\Request))
#32 /Users/willyap/Sites/wordpress/PengadaanBarang_PKL_Laravel/vendor/laravel/framework/src/Illuminate/Pipeline/Pipeline.php(167): Illuminate\\Cookie\\Middleware\\AddQueuedCookiesToResponse->handle(Object(Illuminate\\Http\\Request), Object(Closure))
#33 /Users/willyap/Sites/wordpress/PengadaanBarang_PKL_Laravel/vendor/laravel/framework/src/Illuminate/Cookie/Middleware/EncryptCookies.php(67): Illuminate\\Pipeline\\Pipeline->Illuminate\\Pipeline\\{closure}(Object(Illuminate\\Http\\Request))
#34 /Users/willyap/Sites/wordpress/PengadaanBarang_PKL_Laravel/vendor/laravel/framework/src/Illuminate/Pipeline/Pipeline.php(167): Illuminate\\Cookie\\Middleware\\EncryptCookies->handle(Object(Illuminate\\Http\\Request), Object(Closure))
#35 /Users/willyap/Sites/wordpress/PengadaanBarang_PKL_Laravel/vendor/laravel/framework/src/Illuminate/Pipeline/Pipeline.php(103): Illuminate\\Pipeline\\Pipeline->Illuminate\\Pipeline\\{closure}(Object(Illuminate\\Http\\Request))
#36 /Users/willyap/Sites/wordpress/PengadaanBarang_PKL_Laravel/vendor/laravel/framework/src/Illuminate/Routing/Router.php(697): Illuminate\\Pipeline\\Pipeline->then(Object(Closure))
#37 /Users/willyap/Sites/wordpress/PengadaanBarang_PKL_Laravel/vendor/laravel/framework/src/Illuminate/Routing/Router.php(672): Illuminate\\Routing\\Router->runRouteWithinStack(Object(Illuminate\\Routing\\Route), Object(Illuminate\\Http\\Request))
#38 /Users/willyap/Sites/wordpress/PengadaanBarang_PKL_Laravel/vendor/laravel/framework/src/Illuminate/Routing/Router.php(636): Illuminate\\Routing\\Router->runRoute(Object(Illuminate\\Http\\Request), Object(Illuminate\\Routing\\Route))
#39 /Users/willyap/Sites/wordpress/PengadaanBarang_PKL_Laravel/vendor/laravel/framework/src/Illuminate/Routing/Router.php(625): Illuminate\\Routing\\Router->dispatchToRoute(Object(Illuminate\\Http\\Request))
#40 /Users/willyap/Sites/wordpress/PengadaanBarang_PKL_Laravel/vendor/laravel/framework/src/Illuminate/Foundation/Http/Kernel.php(167): Illuminate\\Routing\\Router->dispatch(Object(Illuminate\\Http\\Request))
#41 /Users/willyap/Sites/wordpress/PengadaanBarang_PKL_Laravel/vendor/laravel/framework/src/Illuminate/Pipeline/Pipeline.php(128): Illuminate\\Foundation\\Http\\Kernel->Illuminate\\Foundation\\Http\\{closure}(Object(Illuminate\\Http\\Request))
#42 /Users/willyap/Sites/wordpress/PengadaanBarang_PKL_Laravel/vendor/laravel/framework/src/Illuminate/Foundation/Http/Middleware/TransformsRequest.php(21): Illuminate\\Pipeline\\Pipeline->Illuminate\\Pipeline\\{closure}(Object(Illuminate\\Http\\Request))
#43 /Users/willyap/Sites/wordpress/PengadaanBarang_PKL_Laravel/vendor/laravel/framework/src/Illuminate/Foundation/Http/Middleware/ConvertEmptyStringsToNull.php(31): Illuminate\\Foundation\\Http\\Middleware\\TransformsRequest->handle(Object(Illuminate\\Http\\Request), Object(Closure))
#44 /Users/willyap/Sites/wordpress/PengadaanBarang_PKL_Laravel/vendor/laravel/framework/src/Illuminate/Pipeline/Pipeline.php(167): Illuminate\\Foundation\\Http\\Middleware\\ConvertEmptyStringsToNull->handle(Object(Illuminate\\Http\\Request), Object(Closure))
#45 /Users/willyap/Sites/wordpress/PengadaanBarang_PKL_Laravel/vendor/laravel/framework/src/Illuminate/Foundation/Http/Middleware/TransformsRequest.php(21): Illuminate\\Pipeline\\Pipeline->Illuminate\\Pipeline\\{closure}(Object(Illuminate\\Http\\Request))
#46 /Users/willyap/Sites/wordpress/PengadaanBarang_PKL_Laravel/vendor/laravel/framework/src/Illuminate/Foundation/Http/Middleware/TrimStrings.php(40): Illuminate\\Foundation\\Http\\Middleware\\TransformsRequest->handle(Object(Illuminate\\Http\\Request), Object(Closure))
#47 /Users/willyap/Sites/wordpress/PengadaanBarang_PKL_Laravel/vendor/laravel/framework/src/Illuminate/Pipeline/Pipeline.php(167): Illuminate\\Foundation\\Http\\Middleware\\TrimStrings->handle(Object(Illuminate\\Http\\Request), Object(Closure))
#48 /Users/willyap/Sites/wordpress/PengadaanBarang_PKL_Laravel/vendor/laravel/framework/src/Illuminate/Foundation/Http/Middleware/ValidatePostSize.php(27): Illuminate\\Pipeline\\Pipeline->Illuminate\\Pipeline\\{closure}(Object(Illuminate\\Http\\Request))
#49 /Users/willyap/Sites/wordpress/PengadaanBarang_PKL_Laravel/vendor/laravel/framework/src/Illuminate/Pipeline/Pipeline.php(167): Illuminate\\Foundation\\Http\\Middleware\\ValidatePostSize->handle(Object(Illuminate\\Http\\Request), Object(Closure))
#50 /Users/willyap/Sites/wordpress/PengadaanBarang_PKL_Laravel/vendor/laravel/framework/src/Illuminate/Foundation/Http/Middleware/PreventRequestsDuringMaintenance.php(86): Illuminate\\Pipeline\\Pipeline->Illuminate\\Pipeline\\{closure}(Object(Illuminate\\Http\\Request))
#51 /Users/willyap/Sites/wordpress/PengadaanBarang_PKL_Laravel/vendor/laravel/framework/src/Illuminate/Pipeline/Pipeline.php(167): Illuminate\\Foundation\\Http\\Middleware\\PreventRequestsDuringMaintenance->handle(Object(Illuminate\\Http\\Request), Object(Closure))
#52 /Users/willyap/Sites/wordpress/PengadaanBarang_PKL_Laravel/vendor/fruitcake/laravel-cors/src/HandleCors.php(38): Illuminate\\Pipeline\\Pipeline->Illuminate\\Pipeline\\{closure}(Object(Illuminate\\Http\\Request))
#53 /Users/willyap/Sites/wordpress/PengadaanBarang_PKL_Laravel/vendor/laravel/framework/src/Illuminate/Pipeline/Pipeline.php(167): Fruitcake\\Cors\\HandleCors->handle(Object(Illuminate\\Http\\Request), Object(Closure))
#54 /Users/willyap/Sites/wordpress/PengadaanBarang_PKL_Laravel/vendor/laravel/framework/src/Illuminate/Http/Middleware/TrustProxies.php(39): Illuminate\\Pipeline\\Pipeline->Illuminate\\Pipeline\\{closure}(Object(Illuminate\\Http\\Request))
#55 /Users/willyap/Sites/wordpress/PengadaanBarang_PKL_Laravel/vendor/laravel/framework/src/Illuminate/Pipeline/Pipeline.php(167): Illuminate\\Http\\Middleware\\TrustProxies->handle(Object(Illuminate\\Http\\Request), Object(Closure))
#56 /Users/willyap/Sites/wordpress/PengadaanBarang_PKL_Laravel/vendor/laravel/framework/src/Illuminate/Pipeline/Pipeline.php(103): Illuminate\\Pipeline\\Pipeline->Illuminate\\Pipeline\\{closure}(Object(Illuminate\\Http\\Request))
#57 /Users/willyap/Sites/wordpress/PengadaanBarang_PKL_Laravel/vendor/laravel/framework/src/Illuminate/Foundation/Http/Kernel.php(142): Illuminate\\Pipeline\\Pipeline->then(Object(Closure))
#58 /Users/willyap/Sites/wordpress/PengadaanBarang_PKL_Laravel/vendor/laravel/framework/src/Illuminate/Foundation/Http/Kernel.php(111): Illuminate\\Foundation\\Http\\Kernel->sendRequestThroughRouter(Object(Illuminate\\Http\\Request))
#59 /Users/willyap/Sites/wordpress/PengadaanBarang_PKL_Laravel/public/index.php(52): Illuminate\\Foundation\\Http\\Kernel->handle(Object(Illuminate\\Http\\Request))
#60 /Users/willyap/Sites/wordpress/PengadaanBarang_PKL_Laravel/server.php(21): require_once('/Users/willyap/...')
#61 {main}
"} 
[2025-01-03 10:15:29] laravel.EMERGENCY: Unable to create configured logger. Using emergency logger. {"exception":"[object] (InvalidArgumentException(code: 0): Log [] is not defined. at /Users/willyap/Sites/wordpress/PengadaanBarang_PKL_Laravel/vendor/laravel/framework/src/Illuminate/Log/LogManager.php:207)
[stacktrace]
#0 /Users/willyap/Sites/wordpress/PengadaanBarang_PKL_Laravel/vendor/laravel/framework/src/Illuminate/Log/LogManager.php(132): Illuminate\\Log\\LogManager->resolve(NULL, NULL)
#1 /Users/willyap/Sites/wordpress/PengadaanBarang_PKL_Laravel/vendor/laravel/framework/src/Illuminate/Log/LogManager.php(111): Illuminate\\Log\\LogManager->get(NULL)
#2 /Users/willyap/Sites/wordpress/PengadaanBarang_PKL_Laravel/vendor/laravel/framework/src/Illuminate/Log/LogManager.php(583): Illuminate\\Log\\LogManager->driver()
#3 /Users/willyap/Sites/wordpress/PengadaanBarang_PKL_Laravel/vendor/laravel/framework/src/Illuminate/Foundation/Exceptions/Handler.php(252): Illuminate\\Log\\LogManager->error('syntax error, u...', Array)
#4 /Users/willyap/Sites/wordpress/PengadaanBarang_PKL_Laravel/vendor/laravel/framework/src/Illuminate/Foundation/Http/Kernel.php(415): Illuminate\\Foundation\\Exceptions\\Handler->report(Object(ParseError))
#5 /Users/willyap/Sites/wordpress/PengadaanBarang_PKL_Laravel/vendor/laravel/framework/src/Illuminate/Foundation/Http/Kernel.php(113): Illuminate\\Foundation\\Http\\Kernel->reportException(Object(ParseError))
#6 /Users/willyap/Sites/wordpress/PengadaanBarang_PKL_Laravel/public/index.php(52): Illuminate\\Foundation\\Http\\Kernel->handle(Object(Illuminate\\Http\\Request))
#7 /Users/willyap/Sites/wordpress/PengadaanBarang_PKL_Laravel/server.php(21): require_once('/Users/willyap/...')
#8 {main}
"} 
[2025-01-03 10:15:29] laravel.ERROR: syntax error, unexpected identifier "https", expecting "]" {"exception":"[object] (ParseError(code: 0): syntax error, unexpected identifier \"https\", expecting \"]\" at /Users/willyap/Sites/wordpress/PengadaanBarang_PKL_Laravel/config/adminlte.php:327)
[stacktrace]
#0 /Users/willyap/Sites/wordpress/PengadaanBarang_PKL_Laravel/vendor/laravel/framework/src/Illuminate/Foundation/Bootstrap/LoadConfiguration.php(39): Illuminate\\Foundation\\Bootstrap\\LoadConfiguration->loadConfigurationFiles(Object(Illuminate\\Foundation\\Application), Object(Illuminate\\Config\\Repository))
#1 /Users/willyap/Sites/wordpress/PengadaanBarang_PKL_Laravel/vendor/laravel/framework/src/Illuminate/Foundation/Application.php(237): Illuminate\\Foundation\\Bootstrap\\LoadConfiguration->bootstrap(Object(Illuminate\\Foundation\\Application))
#2 /Users/willyap/Sites/wordpress/PengadaanBarang_PKL_Laravel/vendor/laravel/framework/src/Illuminate/Foundation/Http/Kernel.php(153): Illuminate\\Foundation\\Application->bootstrapWith(Array)
#3 /Users/willyap/Sites/wordpress/PengadaanBarang_PKL_Laravel/vendor/laravel/framework/src/Illuminate/Foundation/Http/Kernel.php(137): Illuminate\\Foundation\\Http\\Kernel->bootstrap()
#4 /Users/willyap/Sites/wordpress/PengadaanBarang_PKL_Laravel/vendor/laravel/framework/src/Illuminate/Foundation/Http/Kernel.php(111): Illuminate\\Foundation\\Http\\Kernel->sendRequestThroughRouter(Object(Illuminate\\Http\\Request))
#5 /Users/willyap/Sites/wordpress/PengadaanBarang_PKL_Laravel/public/index.php(52): Illuminate\\Foundation\\Http\\Kernel->handle(Object(Illuminate\\Http\\Request))
#6 /Users/willyap/Sites/wordpress/PengadaanBarang_PKL_Laravel/server.php(21): require_once('/Users/willyap/...')
#7 {main}
"} 
[2025-01-03 10:15:33] laravel.EMERGENCY: Unable to create configured logger. Using emergency logger. {"exception":"[object] (InvalidArgumentException(code: 0): Log [] is not defined. at /Users/willyap/Sites/wordpress/PengadaanBarang_PKL_Laravel/vendor/laravel/framework/src/Illuminate/Log/LogManager.php:207)
[stacktrace]
#0 /Users/willyap/Sites/wordpress/PengadaanBarang_PKL_Laravel/vendor/laravel/framework/src/Illuminate/Log/LogManager.php(132): Illuminate\\Log\\LogManager->resolve(NULL, NULL)
#1 /Users/willyap/Sites/wordpress/PengadaanBarang_PKL_Laravel/vendor/laravel/framework/src/Illuminate/Log/LogManager.php(111): Illuminate\\Log\\LogManager->get(NULL)
#2 /Users/willyap/Sites/wordpress/PengadaanBarang_PKL_Laravel/vendor/laravel/framework/src/Illuminate/Log/LogManager.php(583): Illuminate\\Log\\LogManager->driver()
#3 /Users/willyap/Sites/wordpress/PengadaanBarang_PKL_Laravel/vendor/laravel/framework/src/Illuminate/Foundation/Exceptions/Handler.php(252): Illuminate\\Log\\LogManager->error('syntax error, u...', Array)
#4 /Users/willyap/Sites/wordpress/PengadaanBarang_PKL_Laravel/vendor/laravel/framework/src/Illuminate/Foundation/Console/Kernel.php(366): Illuminate\\Foundation\\Exceptions\\Handler->report(Object(ParseError))
#5 /Users/willyap/Sites/wordpress/PengadaanBarang_PKL_Laravel/vendor/laravel/framework/src/Illuminate/Foundation/Console/Kernel.php(131): Illuminate\\Foundation\\Console\\Kernel->reportException(Object(ParseError))
#6 Command line code(1): Illuminate\\Foundation\\Console\\Kernel->handle(Object(Symfony\\Component\\Console\\Input\\ArgvInput), Object(Symfony\\Component\\Console\\Output\\ConsoleOutput))
#7 {main}
"} 
[2025-01-03 10:15:33] laravel.ERROR: syntax error, unexpected identifier "https", expecting "]" {"exception":"[object] (ParseError(code: 0): syntax error, unexpected identifier \"https\", expecting \"]\" at /Users/willyap/Sites/wordpress/PengadaanBarang_PKL_Laravel/config/adminlte.php:327)
[stacktrace]
#0 /Users/willyap/Sites/wordpress/PengadaanBarang_PKL_Laravel/vendor/laravel/framework/src/Illuminate/Foundation/Bootstrap/LoadConfiguration.php(39): Illuminate\\Foundation\\Bootstrap\\LoadConfiguration->loadConfigurationFiles(Object(Illuminate\\Foundation\\Application), Object(Illuminate\\Config\\Repository))
#1 /Users/willyap/Sites/wordpress/PengadaanBarang_PKL_Laravel/vendor/laravel/framework/src/Illuminate/Foundation/Application.php(237): Illuminate\\Foundation\\Bootstrap\\LoadConfiguration->bootstrap(Object(Illuminate\\Foundation\\Application))
#2 /Users/willyap/Sites/wordpress/PengadaanBarang_PKL_Laravel/vendor/laravel/framework/src/Illuminate/Foundation/Console/Kernel.php(310): Illuminate\\Foundation\\Application->bootstrapWith(Array)
#3 /Users/willyap/Sites/wordpress/PengadaanBarang_PKL_Laravel/vendor/laravel/framework/src/Illuminate/Foundation/Console/Kernel.php(127): Illuminate\\Foundation\\Console\\Kernel->bootstrap()
#4 Command line code(1): Illuminate\\Foundation\\Console\\Kernel->handle(Object(Symfony\\Component\\Console\\Input\\ArgvInput), Object(Symfony\\Component\\Console\\Output\\ConsoleOutput))
#5 {main}
"} 
